#
# A fatal error has been detected by the Java Runtime Environment:
#
#  EXCEPTION_ACCESS_VIOLATION (0xc0000005) at pc=0x00007ffee0138913, pid=37644, tid=27180
#
# JRE version: OpenJDK Runtime Environment (11.0.16+8) (build 11.0.16+8-LTS)
# Java VM: OpenJDK 64-Bit Client VM (11.0.16+8-LTS, mixed mode, serial gc, windows-amd64)
# Problematic frame:
# V  [jvm.dll+0x238913]
#
# No core dump will be written. Minidumps are not enabled by default on client versions of Windows
#
# If you would like to submit a bug report, please visit:
#   https://bell-sw.com/support
#

---------------  S U M M A R Y ------------

Command Line: -Dfile.encoding=UTF-8 -Dclojure.compile.path=C:\Users\rsclison\Documents\DEVT\hyauth/target/classes -Dleiningen.original.pwd=C:\Users\rsclison\Documents\DEVT\hyauth clojure.main -m leiningen.core.main repl

Host: 11th Gen Intel(R) Core(TM) i7-1185G7 @ 3.00GHz, 8 cores, 31G,  Windows 11 , 64 bit Build 22000 (10.0.22000.708)
Time: Mon Oct 24 15:10:14 2022 Paris, Madrid (heure duild 22000 (10.0.22000.708) elapsed time: 16.306752 seconds (0d 0h 0m 16s)

---------------  T H R E A D  ---------------

Current thread (0x000002171ac4e000):  JavaThread "main" [_thread_in_vm, id=27180, stack(0x0000002d18600000,0x0000002d18700000)]

Stack: [0x0000002d18600000,0x0000002d18700000],  sp=0x0000002d186f7220,  free space=988k
Native frames: (J=compiled Java code, j=interpreted, Vv=VM code, C=native code)
V  [jvm.dll+0x238913]
C  [jansi.dll+0x2280]

Java frames: (J=compiled Java code, j=interpreted, Vv=VM code)
j  org.fusesource.jansi.internal.Kernel32$INPUT_RECORD.init()V+0
j  org.fusesource.jansi.internal.Kernel32$INPUT_RECORD.<clinit>()V+6
v  ~StubRoutines::call_stub
j  org.fusesource.jansi.internal.Kernel32.readConsoleInputHelper(JIZ)[Lorg/fusesource/jansi/internal/Kernel32$INPUT_RECORD;+8
j  org.fusesource.jansi.internal.Kernel32.readConsoleKeyInput(JIZ)[Lorg/fusesource/jansi/internal/Kernel32$INPUT_RECORD;+3
j  org.fusesource.jansi.internal.WindowsSupport.readConsoleInput(I)[Lorg/fusesource/jansi/internal/Kernel32$INPUT_RECORD;+21
j  jline.WindowsTerminal.readConsoleInput()[B+3
j  jline.WindowsTerminal.access$000(Ljline/WindowsTerminal;)[B+1
j  jline.WindowsTerminal$1.read()I+24
j  jline.internal.NonBlockingInputStream.read(JZ)I+102
j  jline.internal.NonBlockingInputStream.read(J)I+27
j  jline.internal.NonBlockingInputStream.read([BII)I+51
j  jline.internal.InputStreamReader.read([CII)I+177
j  jline.internal.InputStreamReader.read()I+32
j  jline.console.ConsoleReader.readCharacter(Z)I+4
j  jline.console.ConsoleReader.readCharacter()I+2
j  jline.console.ConsoleReader.readBinding(Ljline/console/KeyMap;)Ljava/lang/Object;+19
j  jline.console.ConsoleReader.readLine(Ljava/lang/String;Ljava/lang/Character;Ljava/lang/String;)Ljava/lang/String;+223
j  jline.console.ConsoleReader.readLine(Ljava/lang/String;Ljava/lang/Character;)Ljava/lang/String;+4
j  jline.console.ConsoleReader.readLine(Ljava/lang/String;)Ljava/lang/String;+3
j  jline.console.ConsoleReader.readLine()Ljava/lang/String;+5
j  reply.reader.simple_jline$eval1109$fn__1110.invoke(Ljava/lang/Object;)Ljava/lang/Object;+6
j  reply.reader.simple_jline$eval1081$fn__1082$G__1070__1087.invoke(Ljava/lang/Object;)Ljava/lang/Object;+87
j  reply.reader.simple_jline$get_input_line$fn__1127.invoke()Ljava/lang/Object;+35
j  reply.reader.simple_jline$get_input_line.invokeStatic(Ljava/lang/Object;)Ljava/lang/Object;+225
j  reply.reader.simple_jline$get_input_line.invoke(Ljava/lang/Object;)Ljava/lang/Object;+3
j  clojure.lang.Atom.swap(Lclojure/lang/IFn;)Ljava/lang/Object;+7
j  clojure.core$swap_BANG_.invokeStatic(Ljava/lang/Object;Ljava/lang/Object;)Ljava/lang/Object;+12
j  clojure.core$swap_BANG_.invoke(Ljava/lang/Object;Ljava/lang/Object;)Ljava/lang/Object;+6
j  reply.reader.simple_jline$safe_read_line.invokeStatic(Ljava/lang/Object;)Ljava/lang/Object;+301
j  reply.reader.simple_jline$safe_read_line.invoke(Ljava/lang/Object;)Ljava/lang/Object;+3
j  reply.reader.simple_jline$safe_read_line.invokeStatic(Ljava/lang/Object;Ljava/lang/Object;)Ljava/lang/Object;+127
j  reply.reader.simple_jline$safe_read_line.invoke(Ljava/lang/Object;Ljava/lang/Object;)Ljava/lang/Object;+6
J 890 c1 clojure.core$partial$fn__5857.invoke(Ljava/lang/Object;)Ljava/lang/Object; (22 bytes) @ 0x00000217235f1f64 [0x00000217235f1ee0+0x0000000000000084]
j  reply.eval_modes.nrepl$run_repl.invokeStatic(Ljava/lang/Object;Ljava/lang/Object;)Ljava/lang/Object;+384
j  reply.eval_modes.nrepl$run_repl.invoke(Ljava/lang/Object;Ljava/lang/Object;)Ljava/lang/Object;+6
j  reply.eval_modes.nrepl$main.invokeStatic(Ljava/lang/Object;)Ljava/lang/Object;+538
j  reply.eval_modes.nrepl$main.invoke(Ljava/lang/Object;)Ljava/lang/Object;+3
j  reply.main$launch_nrepl$fn__1913.invoke()Ljava/lang/Object;+15
j  clojure.core$with_redefs_fn.invokeStatic(Ljava/lang/Object;Ljava/lang/Object;)Ljava/lang/Object;+49
j  clojure.core$with_redefs_fn.invoke(Ljava/lang/Object;Ljava/lang/Object;)Ljava/lang/Object;+6
j  reply.main$launch_nrepl.invokeStatic(Ljava/lang/Object;)Ljava/lang/Object;+70
j  reply.main$launch_nrepl.invoke(Ljava/lang/Object;)Ljava/lang/Object;+3
J 2564 c1 clojure.lang.Var.invoke(Ljava/lang/Object;)Ljava/lang/Object; (17 bytes) @ 0x00000217238e9f24 [0x00000217238e9e70+0x00000000000000b4]
j  leiningen.repl$client.invokeStatic(Ljava/lang/Object;Ljava/lang/Object;Ljava/lang/Object;)Ljava/lang/Object;+241
j  leiningen.repl$client.invoke(Ljava/lang/Object;Ljava/lang/Object;Ljava/lang/Object;)Ljava/lang/Object;+9
j  leiningen.repl$repl.invokeStatic(Ljava/lang/Object;Ljava/lang/Object;Lclojure/lang/ISeq;)Ljava/lang/Object;+783
j  leiningen.repl$repl.doInvoke(Ljava/lang/Object;Ljava/lang/Object;Ljava/lang/Object;)Ljava/lang/Object;+12
j  clojure.lang.RestFn.invoke(Ljava/lang/Object;Ljava/lang/Object;)Ljava/lang/Object;+109
j  leiningen.repl$repl.invokeStatic(Ljava/lang/Object;)Ljava/lang/Object;+14
j  leiningen.repl$repl.invoke(Ljava/lang/Object;)Ljava/lang/Object;+3
J 646 c1 clojure.lang.AFn.applyToHelper(Lclojure/lang/IFn;Lclojure/lang/ISeq;)Ljava/lang/Object; (3238 bytes) @ 0x000002172358c494 [0x0000021723588050+0x0000000000004444]
J 898 c1 clojure.lang.RestFn.applyTo(Lclojure/lang/ISeq;)Ljava/lang/Object; (3076 bytes) @ 0x00000217235f8d84 [0x00000217235f53d0+0x00000000000039b4]
j  clojure.lang.Var.applyTo(Lclojure/lang/ISeq;)Ljava/lang/Object;+5
j  clojure.core$apply.invokeStatic(Ljava/lang/Object;Ljava/lang/Object;Ljava/lang/Object;)Ljava/lang/Object;+18
j  clojure.core$apply.invoke(Ljava/lang/Object;Ljava/lang/Object;Ljava/lang/Object;)Ljava/lang/Object;+9
j  leiningen.core.main$partial_task$fn__7334.doInvoke(Ljava/lang/Object;Ljava/lang/Object;)Ljava/lang/Object;+54
J 814 c1 clojure.lang.RestFn.invoke(Ljava/lang/Object;)Ljava/lang/Object; (73 bytes) @ 0x00000217235d4d5c [0x00000217235d4cb0+0x00000000000000ac]
J 646 c1 clojure.lang.AFn.applyToHelper(Lclojure/lang/IFn;Lclojure/lang/ISeq;)Ljava/lang/Object; (3238 bytes) @ 0x000002172358c494 [0x0000021723588050+0x0000000000004444]
J 898 c1 clojure.lang.RestFn.applyTo(Lclojure/lang/ISeq;)Ljava/lang/Object; (3076 bytes) @ 0x00000217235f8d84 [0x00000217235f53d0+0x00000000000039b4]
j  clojure.lang.AFunction$1.doInvoke(Ljava/lang/Object;)Ljava/lang/Object;+8
J 898 c1 clojure.lang.RestFn.applyTo(Lclojure/lang/ISeq;)Ljava/lang/Object; (3076 bytes) @ 0x00000217235f8d5c [0x00000217235f53d0+0x000000000000398c]
j  clojure.core$apply.invokeStatic(Ljava/lang/Object;Ljava/lang/Object;Ljava/lang/Object;)Ljava/lang/Object;+18
j  clojure.core$apply.invoke(Ljava/lang/Object;Ljava/lang/Object;Ljava/lang/Object;)Ljava/lang/Object;+9
j  leiningen.core.main$apply_task.invokeStatic(Ljava/lang/Object;Ljava/lang/Object;Ljava/lang/Object;)Ljava/lang/Object;+531
j  leiningen.core.main$apply_task.invoke(Ljava/lang/Object;Ljava/lang/Object;Ljava/lang/Object;)Ljava/lang/Object;+9
j  leiningen.core.main$resolve_and_apply.invokeStatic(Ljava/lang/Object;Ljava/lang/Object;)Ljava/lang/Object;+97
j  leiningen.core.main$resolve_and_apply.invoke(Ljava/lang/Object;Ljava/lang/Object;)Ljava/lang/Object;+6
j  leiningen.core.main$_main$fn__7423.invoke()Ljava/lang/Object;+370
j  leiningen.core.main$_main.invokeStatic(Lclojure/lang/ISeq;)Ljava/lang/Object;+13
j  leiningen.core.main$_main.doInvoke(Ljava/lang/Object;)Ljava/lang/Object;+6
J 898 c1 clojure.lang.RestFn.applyTo(Lclojure/lang/ISeq;)Ljava/lang/Object; (3076 bytes) @ 0x00000217235f8d5c [0x00000217235f53d0+0x000000000000398c]
j  clojure.lang.Var.applyTo(Lclojure/lang/ISeq;)Ljava/lang/Object;+5
J 935 c1 clojure.core$apply.invokeStatic(Ljava/lang/Object;Ljava/lang/Object;)Ljava/lang/Object; (21 bytes) @ 0x000002172360afb4 [0x000002172360aef0+0x00000000000000c4]
j  clojure.main$main_opt.invokeStatic(Ljava/lang/Object;Ljava/lang/Object;)Ljava/lang/Object;+412
j  clojure.main$main_opt.invoke(Ljava/lang/Object;Ljava/lang/Object;)Ljava/lang/Object;+6
j  clojure.main$main.invokeStatic(Lclojure/lang/ISeq;)Ljava/lang/Object;+376
j  clojure.main$main.doInvoke(Ljava/lang/Object;)Ljava/lang/Object;+6
j  clojure.lang.RestFn.applyTo(Lclojure/lang/ISeq;)Ljava/lang/Object;+136
j  clojure.lang.Var.applyTo(Lclojure/lang/ISeq;)Ljava/lang/Object;+5
j  clojure.main.main([Ljava/lang/String;)V+20
v  ~StubRoutines::call_stub

siginfo: EXCEPTION_ACCESS_VIOLATION (0xc0000005), reading address 0x0000000000000000


Register to memory mapping:

RIP=0x00007ffee0138913 jvm.dll
RAX=0x0 is NULL
RBX=0x000002171ac4e000 is a thread
RCX=0x0c876a7b86bb0000 is an unknown value
RDX=0x0000000000000006 is an unknown value
RSP=0x0000002d186f7220 is pointing into the stack for thread: 0x000002171ac4e000
RBP=0x000002171ac4e000 is a thread
RSI=0x0 is NULL
RDI=0x0000002d186f7300 is pointing into the stack for thread: 0x000002171ac4e000
R8 =0x0 is NULL
R9 =0x0000000000000002 is an unknown value
R10=0x0000002d186f6d2c is pointing into the stack for thread: 0x000002171ac4e000
R11=0x0000002d186f7218 is pointing into the stack for thread: 0x000002171ac4e000
R12=0x0000002d186f77a8 is pointing into the stack for thread: 0x000002171ac4e000
R13=0x00000217398d1f90 is pointing into metadata
R14=0x0000000000000002 is an unknown value
R15=0x000002171ac4e000 is a thread


Registers:
RAX=0x0000000000000000, RBX=0x000002171ac4e000, RCX=0x0c876a7b86bb0000, RDX=0x0000000000000006
RSP=0x0000002d186f7220, RBP=0x000002171ac4e000, RSI=0x0000000000000000, RDI=0x0000002d186f7300
R8 =0x0000000000000000, R9 =0x0000000000000002, R10=0x0000002d186f6d2c, R11=0x0000002d186f7218
R12=0x0000002d186f77a8, R13=0x00000217398d1f90, R14=0x0000000000000002, R15=0x000002171ac4e000
RIP=0x00007ffee0138913, EFLAGS=0x0000000000010246

Top of Stack: (sp=0x0000002d186f7220)
0x0000002d186f7220:   000002171ac4e000 0000000000000000
0x0000002d186f7230:   0000000100000009 00000217398d1ae0
0x0000002d186f7240:   000002171ac4e000 000002171ac4e000
0x0000002d186f7250:   0000000000000000 00007ffee00ea82c
0x0000002d186f7260:   000002171ac4e000 000002171ac4cd60
0x0000002d186f7270:   00000217000008e4 00007ffee042b628
0x0000002d186f7280:   0000002d186f7358 0000002d186f7350
0x0000002d186f7290:   000002171ac4e348 00007fff9f8b2280
0x0000002d186f72a0:   00000217fc4cea40 00007ffee0512720
0x0000002d186f72b0:   0000000000000002 000002171ac4e000
0x0000002d186f72c0:   0000000000000000 00000217233be39a
0x0000002d186f72d0:   00000217398d1f98 0000002d186f7340
0x0000002d186f72e0:   000002171ac4e000 000002171ac4e000
0x0000002d186f72f0:   00000217233be02d 0000002d186f72f8
0x0000002d186f7300:   00000217398d1f90 0000002d186f7358
0x0000002d186f7310:   00000217398d2410 0000000000000000 

Instructions: (pc=0x00007ffee0138913)
0x00007ffee0138813:   08 48 8b cb e8 44 01 e0 ff 83 3d fd 8c 42 00 01
0x00007ffee0138823:   75 0e 48 8b 83 08 01 00 00 c0 e8 03 a8 01 74 08
0x00007ffee0138833:   48 8b cb e8 25 a1 18 00 4c 8d 5c 24 60 c7 83 c0
0x00007ffee0138843:   03 00 00 04 00 00 00 49 8b 5b 28 49 8b 6b 30 49
0x00007ffee0138853:   8b e3 41 5e 5f 5e c3 cc cc cc cc cc cc 48 89 5c
0x00007ffee0138863:   24 10 48 89 6c 24 18 56 57 41 56 48 83 ec 60 8b
0x00007ffee0138873:   81 90 00 00 00 48 8d a9 b8 fc ff ff 05 55 21 ff
0x00007ffee0138883:   ff 45 0f b7 f1 49 8b f0 83 f8 01 76 0d 48 8b cd
0x00007ffee0138893:   40 b7 01 e8 a5 f7 23 00 eb 03 40 32 ff 33 db ba
0x00007ffee01388a3:   06 00 00 00 40 84 ff 48 0f 44 dd 48 8b cb e8 ba
0x00007ffee01388b3:   9a e2 ff 48 83 7b 08 00 48 89 5c 24 40 48 c7 44
0x00007ffee01388c3:   24 48 00 00 00 00 74 0a 48 8d 4c 24 40 e8 7b e4
0x00007ffee01388d3:   15 00 80 3d 6f 0e 42 00 00 74 35 4c 8b 0e 48 8d
0x00007ffee01388e3:   84 24 80 00 00 00 48 89 44 24 38 45 33 c0 c6 44
0x00007ffee01388f3:   24 30 53 33 d2 c6 44 24 28 01 48 8b cb 48 89 74
0x00007ffee0138903:   24 20 66 44 89 b4 24 80 00 00 00 e8 6d aa 07 00
0x00007ffee0138913:   48 8b 0e 48 63 7e 10 e8 31 70 09 00 66 44 89 34
0x00007ffee0138923:   07 48 83 7c 24 48 00 74 0a 48 8d 4c 24 40 e8 ba
0x00007ffee0138933:   e4 15 00 48 8b bb f0 00 00 00 48 8b 47 10 48 8b
0x00007ffee0138943:   77 08 48 83 38 00 74 19 48 8b 57 28 48 8b ce e8
0x00007ffee0138953:   79 47 dd ff 48 8b 4f 10 e8 e0 46 dd ff 48 8b 47
0x00007ffee0138963:   10 48 89 46 10 48 8b 47 18 48 89 46 18 48 8b 47
0x00007ffee0138973:   20 48 89 46 20 c7 83 c0 03 00 00 07 00 00 00 80
0x00007ffee0138983:   3d c7 88 3d 00 00 75 09 83 3d 26 49 42 00 01 74
0x00007ffee0138993:   18 80 3d b6 88 3d 00 00 74 07 e8 ce b2 13 00 eb
0x00007ffee01389a3:   08 48 8b cb e8 b4 ff df ff 83 3d 6d 8b 42 00 01
0x00007ffee01389b3:   75 0e 48 8b 83 08 01 00 00 c0 e8 03 a8 01 74 08
0x00007ffee01389c3:   48 8b cb e8 95 9f 18 00 4c 8d 5c 24 60 c7 83 c0
0x00007ffee01389d3:   03 00 00 04 00 00 00 49 8b 5b 28 49 8b 6b 30 49
0x00007ffee01389e3:   8b e3 41 5e 5f 5e c3 cc cc cc cc cc cc 48 89 5c
0x00007ffee01389f3:   24 10 48 89 6c 24 18 56 57 41 56 48 83 ec 60 8b
0x00007ffee0138a03:   81 90 00 00 00 48 8d a9 b8 fc ff ff 05 55 21 ff 


Stack slot to memory mapping:
stack at sp + 0 slots: 0x000002171ac4e000 is a thread
stack at sp + 1 slots: 0x0 is NULL
stack at sp + 2 slots: 0x0000000100000009 is an unknown value
stack at sp + 3 slots: 0x00000217398d1ae0 is pointing into metadata
stack at sp + 4 slots: 0x000002171ac4e000 is a thread
stack at sp + 5 slots: 0x000002171ac4e000 is a thread
stack at sp + 6 slots: 0x0 is NULL
stack at sp + 7 slots: 0x00007ffee00ea82c jvm.dll


---------------  P R O C E S S  ---------------

Threads class SMR info:
_java_thread_list=0x0000021738a6dbf0, length=21, elements={
0x000002171ac4e000, 0x000002171a5cb000, 0x000002171a5cd000, 0x000002171a63a800,
0x000002171a63c000, 0x000002171a63e000, 0x000002171a5ea000, 0x000002171a5ed000,
0x0000021735c0d000, 0x0000021735e5e800, 0x0000021735d8d800, 0x0000021735d4d800,
0x0000021735d54000, 0x0000021735feb000, 0x0000021735fec000, 0x0000021735fed000,
0x0000021735ff1800, 0x0000021735ff2800, 0x00000217364c1000, 0x00000217364c0800,
0x00000217364c2000
}

Java Threads: ( => current thread )
=>0x000002171ac4e000 JavaThread "main" [_thread_in_vm, id=27180, stack(0x0000002d18600000,0x0000002d18700000)]
  0x000002171a5cb000 JavaThread "Reference Handler" daemon [_thread_blocked, id=15248, stack(0x0000002d18800000,0x0000002d18900000)]
  0x000002171a5cd000 JavaThread "Finalizer" daemon [_thread_blocked, id=6184, stack(0x0000002d18900000,0x0000002d18a00000)]
  0x000002171a63a800 JavaThread "Signal Dispatcher" daemon [_thread_blocked, id=20820, stack(0x0000002d18a00000,0x0000002d18b00000)]
  0x000002171a63c000 JavaThread "Attach Listener" daemon [_thread_blocked, id=14184, stack(0x0000002d18b00000,0x0000002d18c00000)]
  0x000002171a63e000 JavaThread "Service Thread" daemon [_thread_blocked, id=31492, stack(0x0000002d18c00000,0x0000002d18d00000)]
  0x000002171a5ea000 JavaThread "C1 CompilerThread0" daemon [_thread_blocked, id=48664, stack(0x0000002d18d00000,0x0000002d18e00000)]
  0x000002171a5ed000 JavaThread "Sweeper thread" daemon [_thread_blocked, id=47552, stack(0x0000002d18e00000,0x0000002d18f00000)]
  0x0000021735c0d000 JavaThread "Common-Cleaner" daemon [_thread_blocked, id=37576, stack(0x0000002d19000000,0x0000002d19100000)]
  0x0000021735e5e800 JavaThread "clojure-agent-send-off-pool-0" [_thread_blocked, id=18080, stack(0x0000002d19100000,0x0000002d19200000)]
  0x0000021735d8d800 JavaThread "clojure-agent-send-off-pool-1" [_thread_in_native, id=39956, stack(0x0000002d19200000,0x0000002d19300000)]
  0x0000021735d4d800 JavaThread "Thread-2" [_thread_blocked, id=16368, stack(0x0000002d19300000,0x0000002d19400000)]
  0x0000021735d54000 JavaThread "clojure-agent-send-off-pool-2" [_thread_blocked, id=46988, stack(0x0000002d19400000,0x0000002d19500000)]
  0x0000021735feb000 JavaThread "PipeThread 1565644388" daemon [_thread_in_native, id=2116, stack(0x0000002d19500000,0x0000002d19600000)]
  0x0000021735fec000 JavaThread "PipeThread 857446280" daemon [_thread_in_native, id=30084, stack(0x0000002d19600000,0x0000002d19700000)]
  0x0000021735fed000 JavaThread "PipeThread 1169248489" daemon [_thread_blocked, id=41172, stack(0x0000002d19700000,0x0000002d19800000)]
  0x0000021735ff1800 JavaThread "ClosingPipeCloser 1169248489" daemon [_thread_blocked, id=2496, stack(0x0000002d19800000,0x0000002d19900000)]
  0x0000021735ff2800 JavaThread "clojure-agent-send-off-pool-3" [_thread_in_native, id=39272, stack(0x0000002d19900000,0x0000002d19a00000)]
  0x00000217364c1000 JavaThread "clojure-agent-send-off-pool-4" [_thread_in_native, id=24560, stack(0x0000002d19a00000,0x0000002d19b00000)]
  0x00000217364c0800 JavaThread "nREPL response poller" daemon [_thread_blocked, id=36960, stack(0x0000002d19b00000,0x0000002d19c00000)]
  0x00000217364c2000 JavaThread "NonBlockingInputStreamThread" daemon [_thread_blocked, id=34696, stack(0x0000002d19c00000,0x0000002d19d00000)]

Other Threads:
  0x000002171a5c7000 VMThread "VM Thread" [stack: 0x0000002d18700000,0x0000002d18800000] [id=38652]
  0x0000021735c08800 WatcherThread [stack: 0x0000002d18f00000,0x0000002d19000000] [id=20908]

Threads with active compile tasks:

VM state:synchronizing (normal execution)

VM Mutex/Monitor currently owned by a thread:  ([mutex/lock_event])
[0x000002171ac4cc60] Threads_lock - owner thread: 0x000002171a5c7000

Heap:
 def new generation   total 17984K, used 15540K [0x0000021725400000, 0x0000021726780000, 0x000002172a950000)
  eden space 16000K,  90% used [0x0000021725400000, 0x000002172621dab8, 0x00000217263a0000)
  from space 1984K,  54% used [0x0000021726590000, 0x000002172669f938, 0x0000021726780000)
  to   space 1984K,   0% used [0x00000217263a0000, 0x00000217263a0000, 0x0000021726590000)
 tenured generation   total 39760K, used 27834K [0x000002172a950000, 0x000002172d024000, 0x0000021735400000)
   the space 39760K,  70% used [0x000002172a950000, 0x000002172c47e828, 0x000002172c47ea00, 0x000002172d024000)
 Metaspace       used 38650K, capacity 40727K, committed 40960K, reserved 40960K

Card table byte_map: [0x000002171a430000,0x000002171a4c0000] _byte_map_base: 0x000002160eb06000

Polling page: 0x0000021718b90000

Metaspace:

Usage:
   39.77 MB capacity,    37.74 MB ( 95%) used,     1.93 MB (  5%) free+waste,    99.50 KB ( <1%) overhead. 

Virtual space:
     40.00 MB reserved,      40.00 MB (100%) committed 

Chunk freelists:
105.00 KB

MaxMetaspaceSize: 17179869184.00 GB
No class space
Initial GC threshold: 12.00 MB
Current GC threshold: 60.84 MB
CDS: off

CodeCache: size=32768Kb used=6054Kb max_used=6054Kb free=26713Kb
 bounds [0x00000217233b0000, 0x00000217239a0000, 0x00000217253b0000]
 total_blobs=3412 nmethods=2911 adapters=432
 compilation: enabled
              stopped_count=0, restarted_count=0
 full_count=0

Compilation events (20 events):
Event: 16.117 Thread 0x000002171a5ea000 2902             clojure.core$print_meta::invokeStatic (314 bytes)
Event: 16.118 Thread 0x000002171a5ea000 nmethod 2902 0x0000021723994cd0 code [0x0000021723995000, 0x0000021723995ed8]
Event: 16.118 Thread 0x000002171a5ea000 2903             clojure.core$string_QMARK___5427::invoke (7 bytes)
Event: 16.119 Thread 0x000002171a5ea000 nmethod 2903 0x0000021723996610 code [0x0000021723996790, 0x0000021723996878]
Event: 16.274 Thread 0x000002171a5ea000 2904             java.util.jar.Manifest$FastInputStream::readLine (296 bytes)
Event: 16.274 Thread 0x000002171a5ea000 nmethod 2904 0x00000217239968d0 code [0x0000021723996a90, 0x0000021723996ef8]
Event: 16.278 Thread 0x000002171a5ea000 2905             sun.nio.fs.WindowsPath::<init> (26 bytes)
Event: 16.278 Thread 0x000002171a5ea000 nmethod 2905 0x0000021723997ad0 code [0x0000021723997c50, 0x0000021723997d38]
Event: 16.281 Thread 0x000002171a5ea000 2906             sun.nio.cs.ext.AbstractCharsetProvider::put (20 bytes)
Event: 16.282 Thread 0x000002171a5ea000 nmethod 2906 0x0000021723997d90 code [0x0000021723997f20, 0x0000021723998028]
Event: 16.289 Thread 0x000002171a5ea000 2907   !         sun.nio.cs.ext.AbstractCharsetProvider::charset (75 bytes)
Event: 16.290 Thread 0x000002171a5ea000 nmethod 2907 0x00000217239982d0 code [0x00000217239984c0, 0x00000217239988d8]
Event: 16.290 Thread 0x000002171a5ea000 2908             java.util.TreeMap::rotateLeft (96 bytes)
Event: 16.290 Thread 0x000002171a5ea000 nmethod 2908 0x0000021723998bd0 code [0x0000021723998d50, 0x0000021723998ef8]
Event: 16.290 Thread 0x000002171a5ea000 2909             java.time.temporal.ChronoField::range (5 bytes)
Event: 16.290 Thread 0x000002171a5ea000 nmethod 2909 0x0000021723998fd0 code [0x0000021723999150, 0x00000217239991f8]
Event: 16.290 Thread 0x000002171a5ea000 2910             java.time.temporal.ValueRange::isValidValue (24 bytes)
Event: 16.290 Thread 0x000002171a5ea000 nmethod 2910 0x0000021723999250 code [0x00000217239993d0, 0x0000021723999498]
Event: 16.293 Thread 0x000002171a5ea000 2911             java.lang.StringUTF16::inflate (42 bytes)
Event: 16.293 Thread 0x000002171a5ea000 nmethod 2911 0x0000021723999510 code [0x00000217239996a0, 0x00000217239997f8]

GC Heap History (20 events):
Event: 15.737 GC heap before
{Heap before GC invocations=80 (full 4):
 def new generation   total 17984K, used 16680K [0x0000021725400000, 0x0000021726780000, 0x000002172a950000)
  eden space 16000K, 100% used [0x0000021725400000, 0x00000217263a0000, 0x00000217263a0000)
  from space 1984K,  34% used [0x0000021726590000, 0x000002172663a318, 0x0000021726780000)
  to   space 1984K,   0% used [0x00000217263a0000, 0x00000217263a0000, 0x0000021726590000)
 tenured generation   total 39760K, used 23855K [0x000002172a950000, 0x000002172d024000, 0x0000021735400000)
   the space 39760K,  59% used [0x000002172a950000, 0x000002172c09bd48, 0x000002172c09be00, 0x000002172d024000)
 Metaspace       used 36251K, capacity 37387K, committed 37632K, reserved 38912K
}
Event: 15.740 GC heap after
{Heap after GC invocations=81 (full 4):
 def new generation   total 17984K, used 1983K [0x0000021725400000, 0x0000021726780000, 0x000002172a950000)
  eden space 16000K,   0% used [0x0000021725400000, 0x0000021725400000, 0x00000217263a0000)
  from space 1984K,  99% used [0x00000217263a0000, 0x000002172658ffe8, 0x0000021726590000)
  to   space 1984K,   0% used [0x0000021726590000, 0x0000021726590000, 0x0000021726780000)
 tenured generation   total 39760K, used 24543K [0x000002172a950000, 0x000002172d024000, 0x0000021735400000)
   the space 39760K,  61% used [0x000002172a950000, 0x000002172c147c50, 0x000002172c147e00, 0x000002172d024000)
 Metaspace       used 36251K, capacity 37387K, committed 37632K, reserved 38912K
}
Event: 15.798 GC heap before
{Heap before GC invocations=81 (full 4):
 def new generation   total 17984K, used 17983K [0x0000021725400000, 0x0000021726780000, 0x000002172a950000)
  eden space 16000K, 100% used [0x0000021725400000, 0x00000217263a0000, 0x00000217263a0000)
  from space 1984K,  99% used [0x00000217263a0000, 0x000002172658ffe8, 0x0000021726590000)
  to   space 1984K,   0% used [0x0000021726590000, 0x0000021726590000, 0x0000021726780000)
 tenured generation   total 39760K, used 24543K [0x000002172a950000, 0x000002172d024000, 0x0000021735400000)
   the space 39760K,  61% used [0x000002172a950000, 0x000002172c147c50, 0x000002172c147e00, 0x000002172d024000)
 Metaspace       used 36676K, capacity 37848K, committed 38144K, reserved 38912K
}
Event: 15.800 GC heap after
{Heap after GC invocations=82 (full 4):
 def new generation   total 17984K, used 494K [0x0000021725400000, 0x0000021726780000, 0x000002172a950000)
  eden space 16000K,   0% used [0x0000021725400000, 0x0000021725400000, 0x00000217263a0000)
  from space 1984K,  24% used [0x0000021726590000, 0x000002172660bbe0, 0x0000021726780000)
  to   space 1984K,   0% used [0x00000217263a0000, 0x00000217263a0000, 0x0000021726590000)
 tenured generation   total 39760K, used 26433K [0x000002172a950000, 0x000002172d024000, 0x0000021735400000)
   the space 39760K,  66% used [0x000002172a950000, 0x000002172c320680, 0x000002172c320800, 0x000002172d024000)
 Metaspace       used 36676K, capacity 37848K, committed 38144K, reserved 38912K
}
Event: 15.848 GC heap before
{Heap before GC invocations=82 (full 4):
 def new generation   total 17984K, used 16494K [0x0000021725400000, 0x0000021726780000, 0x000002172a950000)
  eden space 16000K, 100% used [0x0000021725400000, 0x00000217263a0000, 0x00000217263a0000)
  from space 1984K,  24% used [0x0000021726590000, 0x000002172660bbe0, 0x0000021726780000)
  to   space 1984K,   0% used [0x00000217263a0000, 0x00000217263a0000, 0x0000021726590000)
 tenured generation   total 39760K, used 26433K [0x000002172a950000, 0x000002172d024000, 0x0000021735400000)
   the space 39760K,  66% used [0x000002172a950000, 0x000002172c320680, 0x000002172c320800, 0x000002172d024000)
 Metaspace       used 37043K, capacity 38314K, committed 38400K, reserved 38912K
}
Event: 15.850 GC heap after
{Heap after GC invocations=83 (full 4):
 def new generation   total 17984K, used 996K [0x0000021725400000, 0x0000021726780000, 0x000002172a950000)
  eden space 16000K,   0% used [0x0000021725400000, 0x0000021725400000, 0x00000217263a0000)
  from space 1984K,  50% used [0x00000217263a0000, 0x00000217264992f8, 0x0000021726590000)
  to   space 1984K,   0% used [0x0000021726590000, 0x0000021726590000, 0x0000021726780000)
 tenured generation   total 39760K, used 26433K [0x000002172a950000, 0x000002172d024000, 0x0000021735400000)
   the space 39760K,  66% used [0x000002172a950000, 0x000002172c320680, 0x000002172c320800, 0x000002172d024000)
 Metaspace       used 37043K, capacity 38314K, committed 38400K, reserved 38912K
}
Event: 15.888 GC heap before
{Heap before GC invocations=83 (full 4):
 def new generation   total 17984K, used 16996K [0x0000021725400000, 0x0000021726780000, 0x000002172a950000)
  eden space 16000K, 100% used [0x0000021725400000, 0x00000217263a0000, 0x00000217263a0000)
  from space 1984K,  50% used [0x00000217263a0000, 0x00000217264992f8, 0x0000021726590000)
  to   space 1984K,   0% used [0x0000021726590000, 0x0000021726590000, 0x0000021726780000)
 tenured generation   total 39760K, used 26433K [0x000002172a950000, 0x000002172d024000, 0x0000021735400000)
   the space 39760K,  66% used [0x000002172a950000, 0x000002172c320680, 0x000002172c320800, 0x000002172d024000)
 Metaspace       used 37241K, capacity 38666K, committed 38912K, reserved 38912K
}
Event: 15.889 GC heap after
{Heap after GC invocations=84 (full 4):
 def new generation   total 17984K, used 820K [0x0000021725400000, 0x0000021726780000, 0x000002172a950000)
  eden space 16000K,   0% used [0x0000021725400000, 0x0000021725400000, 0x00000217263a0000)
  from space 1984K,  41% used [0x0000021726590000, 0x000002172665d3a8, 0x0000021726780000)
  to   space 1984K,   0% used [0x00000217263a0000, 0x00000217263a0000, 0x0000021726590000)
 tenured generation   total 39760K, used 26868K [0x000002172a950000, 0x000002172d024000, 0x0000021735400000)
   the space 39760K,  67% used [0x000002172a950000, 0x000002172c38d0c8, 0x000002172c38d200, 0x000002172d024000)
 Metaspace       used 37241K, capacity 38666K, committed 38912K, reserved 38912K
}
Event: 15.926 GC heap before
{Heap before GC invocations=84 (full 4):
 def new generation   total 17984K, used 16820K [0x0000021725400000, 0x0000021726780000, 0x000002172a950000)
  eden space 16000K, 100% used [0x0000021725400000, 0x00000217263a0000, 0x00000217263a0000)
  from space 1984K,  41% used [0x0000021726590000, 0x000002172665d3a8, 0x0000021726780000)
  to   space 1984K,   0% used [0x00000217263a0000, 0x00000217263a0000, 0x0000021726590000)
 tenured generation   total 39760K, used 26868K [0x000002172a950000, 0x000002172d024000, 0x0000021735400000)
   the space 39760K,  67% used [0x000002172a950000, 0x000002172c38d0c8, 0x000002172c38d200, 0x000002172d024000)
 Metaspace       used 37410K, capacity 38994K, committed 39168K, reserved 40960K
}
Event: 15.928 GC heap after
{Heap after GC invocations=85 (full 4):
 def new generation   total 17984K, used 1051K [0x0000021725400000, 0x0000021726780000, 0x000002172a950000)
  eden space 16000K,   0% used [0x0000021725400000, 0x0000021725400000, 0x00000217263a0000)
  from space 1984K,  53% used [0x00000217263a0000, 0x00000217264a6e80, 0x0000021726590000)
  to   space 1984K,   0% used [0x0000021726590000, 0x0000021726590000, 0x0000021726780000)
 tenured generation   total 39760K, used 26868K [0x000002172a950000, 0x000002172d024000, 0x0000021735400000)
   the space 39760K,  67% used [0x000002172a950000, 0x000002172c38d0c8, 0x000002172c38d200, 0x000002172d024000)
 Metaspace       used 37410K, capacity 38994K, committed 39168K, reserved 40960K
}
Event: 15.964 GC heap before
{Heap before GC invocations=85 (full 4):
 def new generation   total 17984K, used 17051K [0x0000021725400000, 0x0000021726780000, 0x000002172a950000)
  eden space 16000K, 100% used [0x0000021725400000, 0x00000217263a0000, 0x00000217263a0000)
  from space 1984K,  53% used [0x00000217263a0000, 0x00000217264a6e80, 0x0000021726590000)
  to   space 1984K,   0% used [0x0000021726590000, 0x0000021726590000, 0x0000021726780000)
 tenured generation   total 39760K, used 26868K [0x000002172a950000, 0x000002172d024000, 0x0000021735400000)
   the space 39760K,  67% used [0x000002172a950000, 0x000002172c38d0c8, 0x000002172c38d200, 0x000002172d024000)
 Metaspace       used 37598K, capacity 39354K, committed 39424K, reserved 40960K
}
Event: 15.966 GC heap after
{Heap after GC invocations=86 (full 4):
 def new generation   total 17984K, used 902K [0x0000021725400000, 0x0000021726780000, 0x000002172a950000)
  eden space 16000K,   0% used [0x0000021725400000, 0x0000021725400000, 0x00000217263a0000)
  from space 1984K,  45% used [0x0000021726590000, 0x0000021726671900, 0x0000021726780000)
  to   space 1984K,   0% used [0x00000217263a0000, 0x00000217263a0000, 0x0000021726590000)
 tenured generation   total 39760K, used 27284K [0x000002172a950000, 0x000002172d024000, 0x0000021735400000)
   the space 39760K,  68% used [0x000002172a950000, 0x000002172c3f5240, 0x000002172c3f5400, 0x000002172d024000)
 Metaspace       used 37598K, capacity 39354K, committed 39424K, reserved 40960K
}
Event: 16.000 GC heap before
{Heap before GC invocations=86 (full 4):
 def new generation   total 17984K, used 16902K [0x0000021725400000, 0x0000021726780000, 0x000002172a950000)
  eden space 16000K, 100% used [0x0000021725400000, 0x00000217263a0000, 0x00000217263a0000)
  from space 1984K,  45% used [0x0000021726590000, 0x0000021726671900, 0x0000021726780000)
  to   space 1984K,   0% used [0x00000217263a0000, 0x00000217263a0000, 0x0000021726590000)
 tenured generation   total 39760K, used 27284K [0x000002172a950000, 0x000002172d024000, 0x0000021735400000)
   the space 39760K,  68% used [0x000002172a950000, 0x000002172c3f5240, 0x000002172c3f5400, 0x000002172d024000)
 Metaspace       used 37776K, capacity 39682K, committed 39936K, reserved 40960K
}
Event: 16.001 GC heap after
{Heap after GC invocations=87 (full 4):
 def new generation   total 17984K, used 980K [0x0000021725400000, 0x0000021726780000, 0x000002172a950000)
  eden space 16000K,   0% used [0x0000021725400000, 0x0000021725400000, 0x00000217263a0000)
  from space 1984K,  49% used [0x00000217263a0000, 0x00000217264953f0, 0x0000021726590000)
  to   space 1984K,   0% used [0x0000021726590000, 0x0000021726590000, 0x0000021726780000)
 tenured generation   total 39760K, used 27284K [0x000002172a950000, 0x000002172d024000, 0x0000021735400000)
   the space 39760K,  68% used [0x000002172a950000, 0x000002172c3f5240, 0x000002172c3f5400, 0x000002172d024000)
 Metaspace       used 37776K, capacity 39682K, committed 39936K, reserved 40960K
}
Event: 16.036 GC heap before
{Heap before GC invocations=87 (full 4):
 def new generation   total 17984K, used 16980K [0x0000021725400000, 0x0000021726780000, 0x000002172a950000)
  eden space 16000K, 100% used [0x0000021725400000, 0x00000217263a0000, 0x00000217263a0000)
  from space 1984K,  49% used [0x00000217263a0000, 0x00000217264953f0, 0x0000021726590000)
  to   space 1984K,   0% used [0x0000021726590000, 0x0000021726590000, 0x0000021726780000)
 tenured generation   total 39760K, used 27284K [0x000002172a950000, 0x000002172d024000, 0x0000021735400000)
   the space 39760K,  68% used [0x000002172a950000, 0x000002172c3f5240, 0x000002172c3f5400, 0x000002172d024000)
 Metaspace       used 37924K, capacity 39866K, committed 39936K, reserved 40960K
}
Event: 16.037 GC heap after
{Heap after GC invocations=88 (full 4):
 def new generation   total 17984K, used 1333K [0x0000021725400000, 0x0000021726780000, 0x000002172a950000)
  eden space 16000K,   0% used [0x0000021725400000, 0x0000021725400000, 0x00000217263a0000)
  from space 1984K,  67% used [0x0000021726590000, 0x00000217266dd620, 0x0000021726780000)
  to   space 1984K,   0% used [0x00000217263a0000, 0x00000217263a0000, 0x0000021726590000)
 tenured generation   total 39760K, used 27284K [0x000002172a950000, 0x000002172d024000, 0x0000021735400000)
   the space 39760K,  68% used [0x000002172a950000, 0x000002172c3f5240, 0x000002172c3f5400, 0x000002172d024000)
 Metaspace       used 37924K, capacity 39866K, committed 39936K, reserved 40960K
}
Event: 16.088 GC heap before
{Heap before GC invocations=88 (full 4):
 def new generation   total 17984K, used 17333K [0x0000021725400000, 0x0000021726780000, 0x000002172a950000)
  eden space 16000K, 100% used [0x0000021725400000, 0x00000217263a0000, 0x00000217263a0000)
  from space 1984K,  67% used [0x0000021726590000, 0x00000217266dd620, 0x0000021726780000)
  to   space 1984K,   0% used [0x00000217263a0000, 0x00000217263a0000, 0x0000021726590000)
 tenured generation   total 39760K, used 27284K [0x000002172a950000, 0x000002172d024000, 0x0000021735400000)
   the space 39760K,  68% used [0x000002172a950000, 0x000002172c3f5240, 0x000002172c3f5400, 0x000002172d024000)
 Metaspace       used 38127K, capacity 40126K, committed 40192K, reserved 40960K
}
Event: 16.090 GC heap after
{Heap after GC invocations=89 (full 4):
 def new generation   total 17984K, used 878K [0x0000021725400000, 0x0000021726780000, 0x000002172a950000)
  eden space 16000K,   0% used [0x0000021725400000, 0x0000021725400000, 0x00000217263a0000)
  from space 1984K,  44% used [0x00000217263a0000, 0x000002172647bbb0, 0x0000021726590000)
  to   space 1984K,   0% used [0x0000021726590000, 0x0000021726590000, 0x0000021726780000)
 tenured generation   total 39760K, used 27834K [0x000002172a950000, 0x000002172d024000, 0x0000021735400000)
   the space 39760K,  70% used [0x000002172a950000, 0x000002172c47e828, 0x000002172c47ea00, 0x000002172d024000)
 Metaspace       used 38127K, capacity 40126K, committed 40192K, reserved 40960K
}
Event: 16.111 GC heap before
{Heap before GC invocations=89 (full 4):
 def new generation   total 17984K, used 16878K [0x0000021725400000, 0x0000021726780000, 0x000002172a950000)
  eden space 16000K, 100% used [0x0000021725400000, 0x00000217263a0000, 0x00000217263a0000)
  from space 1984K,  44% used [0x00000217263a0000, 0x000002172647bbb0, 0x0000021726590000)
  to   space 1984K,   0% used [0x0000021726590000, 0x0000021726590000, 0x0000021726780000)
 tenured generation   total 39760K, used 27834K [0x000002172a950000, 0x000002172d024000, 0x0000021735400000)
   the space 39760K,  70% used [0x000002172a950000, 0x000002172c47e828, 0x000002172c47ea00, 0x000002172d024000)
 Metaspace       used 38148K, capacity 40195K, committed 40448K, reserved 40960K
}
Event: 16.113 GC heap after
{Heap after GC invocations=90 (full 4):
 def new generation   total 17984K, used 1086K [0x0000021725400000, 0x0000021726780000, 0x000002172a950000)
  eden space 16000K,   0% used [0x0000021725400000, 0x0000021725400000, 0x00000217263a0000)
  from space 1984K,  54% used [0x0000021726590000, 0x000002172669f938, 0x0000021726780000)
  to   space 1984K,   0% used [0x00000217263a0000, 0x00000217263a0000, 0x0000021726590000)
 tenured generation   total 39760K, used 27834K [0x000002172a950000, 0x000002172d024000, 0x0000021735400000)
   the space 39760K,  70% used [0x000002172a950000, 0x000002172c47e828, 0x000002172c47ea00, 0x000002172d024000)
 Metaspace       used 38148K, capacity 40195K, committed 40448K, reserved 40960K
}

Deoptimization events (8 events):
Event: 1.031 Thread 0x000002171ac4e000 DEOPT PACKING pc=0x00000217235a0ba2 sp=0x0000002d186f8840
Event: 1.031 Thread 0x000002171ac4e000 DEOPT UNPACKING pc=0x00000217233f648e sp=0x0000002d186f7dd0 mode 3
Event: 1.147 Thread 0x000002171ac4e000 DEOPT PACKING pc=0x000002172369875b sp=0x0000002d186f9010
Event: 1.147 Thread 0x000002171ac4e000 DEOPT UNPACKING pc=0x00000217233f648e sp=0x0000002d186f84f8 mode 3
Event: 1.526 Thread 0x000002171ac4e000 DEOPT PACKING pc=0x00000217234ba8d6 sp=0x0000002d186f5ea0
Event: 1.526 Thread 0x000002171ac4e000 DEOPT UNPACKING pc=0x00000217233f648e sp=0x0000002d186f5398 mode 3
Event: 15.707 Thread 0x000002171ac4e000 DEOPT PACKING pc=0x000002172392c93e sp=0x0000002d186e5580
Event: 15.707 Thread 0x000002171ac4e000 DEOPT UNPACKING pc=0x00000217233f648e sp=0x0000002d186e4a18 mode 3

Classes redefined (0 events):
No events

Internal exceptions (20 events):
Event: 5.176 Thread 0x000002171ac4e000 Exception <a 'java/lang/ClassNotFoundException'{0x00000217255c47d8}: java/lang/ObjectCustomizer> (0x00000217255c47d8) thrown at [./src/hotspot/share/classfile/systemDictionary.cpp, line 230]
Event: 5.184 Thread 0x000002171ac4e000 Exception <a 'java/lang/ClassNotFoundException'{0x000002172560c7b8}: org/eclipse/aether/graph/DependencyCustomizer> (0x000002172560c7b8) thrown at [./src/hotspot/share/classfile/systemDictionary.cpp, line 230]
Event: 5.187 Thread 0x000002171ac4e000 Exception <a 'java/lang/ClassNotFoundException'{0x000002172563de40}: org/eclipse/aether/artifact/DefaultArtifactBeanInfo> (0x000002172563de40) thrown at [./src/hotspot/share/classfile/systemDictionary.cpp, line 230]
Event: 5.187 Thread 0x000002171ac4e000 Exception <a 'java/lang/ClassNotFoundException'{0x0000021725641488}: org/eclipse/aether/artifact/AbstractArtifactBeanInfo> (0x0000021725641488) thrown at [./src/hotspot/share/classfile/systemDictionary.cpp, line 230]
Event: 5.187 Thread 0x000002171ac4e000 Exception <a 'java/lang/ClassNotFoundException'{0x0000021725644a88}: org/eclipse/aether/artifact/AbstractArtifactCustomizer> (0x0000021725644a88) thrown at [./src/hotspot/share/classfile/systemDictionary.cpp, line 230]
Event: 5.187 Thread 0x000002171ac4e000 Exception <a 'java/lang/ClassNotFoundException'{0x0000021725651708}: org/eclipse/aether/artifact/DefaultArtifactCustomizer> (0x0000021725651708) thrown at [./src/hotspot/share/classfile/systemDictionary.cpp, line 230]
Event: 5.436 Thread 0x0000021735d4d800 Exception <a 'java/lang/NoSuchMethodError'{0x0000021725bc2b28}: 'void java.lang.invoke.DirectMethodHandle$Holder.invokeStatic(java.lang.Object, long)'> (0x0000021725bc2b28) thrown at [./src/hotspot/share/interpreter/linkResolver.cpp, line 773]
Event: 5.437 Thread 0x0000021735d4d800 Exception <a 'java/lang/NoSuchMethodError'{0x0000021725bc9b80}: 'java.lang.Object java.lang.invoke.DirectMethodHandle$Holder.invokeStatic(java.lang.Object, long)'> (0x0000021725bc9b80) thrown at [./src/hotspot/share/interpreter/linkResolver.cpp, line 773]
Event: 5.437 Thread 0x0000021735d4d800 Exception <a 'java/lang/NoSuchMethodError'{0x0000021725bce5b8}: 'java.lang.Object java.lang.invoke.DirectMethodHandle$Holder.invokeSpecial(java.lang.Object, java.lang.Object, long)'> (0x0000021725bce5b8) thrown at [./src/hotspot/share/interpreter/linkResolver.cpp, line 773]
Event: 5.437 Thread 0x0000021735d4d800 Exception <a 'java/lang/NoSuchMethodError'{0x0000021725bd24c8}: 'java.lang.Object java.lang.invoke.Invokers$Holder.linkToTargetMethod(long, java.lang.Object)'> (0x0000021725bd24c8) thrown at [./src/hotspot/share/interpreter/linkResolver.cpp, line 773]
Event: 5.439 Thread 0x0000021735d4d800 Exception <a 'java/lang/NoSuchMethodError'{0x0000021725bdddc0}: 'java.lang.Object java.lang.invoke.DirectMethodHandle$Holder.invokeStaticInit(java.lang.Object, java.lang.Object, long, java.lang.Object)'> (0x0000021725bdddc0) thrown at [./src/hotspot/share/interpreter/linkResolver.cpp, line 773]
Event: 5.439 Thread 0x0000021735d4d800 Exception <a 'java/lang/NoSuchMethodError'{0x0000021725be5ac8}: 'java.lang.Object java.lang.invoke.DirectMethodHandle$Holder.invokeStatic(java.lang.Object, java.lang.Object, long)'> (0x0000021725be5ac8) thrown at [./src/hotspot/share/interpreter/linkResolver.cpp, line 773]
Event: 5.439 Thread 0x0000021735d4d800 Exception <a 'java/lang/NoSuchMethodError'{0x0000021725bedf20}: 'java.lang.Object java.lang.invoke.Invokers$Holder.linkToTargetMethod(java.lang.Object, long, java.lang.Object)'> (0x0000021725bedf20) thrown at [./src/hotspot/share/interpreter/linkResolver.cpp, line 773]
Event: 5.469 Thread 0x0000021735d4d800 Exception <a 'java/lang/ClassNotFoundException'{0x0000021725c63a00}: sun/net/www/protocol/c/Handler> (0x0000021725c63a00) thrown at [./src/hotspot/share/classfile/systemDictionary.cpp, line 230]
Event: 6.376 Thread 0x0000021735d4d800 Exception <a 'java/lang/ClassNotFoundException'{0x0000021725709848}: org/eclipse/aether/graph/ExclusionBeanInfo> (0x0000021725709848) thrown at [./src/hotspot/share/classfile/systemDictionary.cpp, line 230]
Event: 6.377 Thread 0x0000021735d4d800 Exception <a 'java/lang/ClassNotFoundException'{0x000002172570d280}: org/eclipse/aether/graph/ExclusionCustomizer> (0x000002172570d280) thrown at [./src/hotspot/share/classfile/systemDictionary.cpp, line 230]
Event: 16.270 Thread 0x000002171ac4e000 Exception <a 'java/io/FileNotFoundException'{0x00000217256b38c8}> (0x00000217256b38c8) thrown at [./src/hotspot/share/prims/jni.cpp, line 617]
Event: 16.293 Thread 0x000002171ac4e000 Exception <a 'java/io/FileNotFoundException'{0x0000021725d3e100}> (0x0000021725d3e100) thrown at [./src/hotspot/share/prims/jni.cpp, line 617]
Event: 16.294 Thread 0x000002171ac4e000 Exception <a 'java/io/FileNotFoundException'{0x0000021725edd020}> (0x0000021725edd020) thrown at [./src/hotspot/share/prims/jni.cpp, line 617]
Event: 16.298 Thread 0x000002171ac4e000 Exception <a 'java/lang/NoSuchFieldError'{0x0000021725f10ca8}: MOUSE_EVENT> (0x0000021725f10ca8) thrown at [./src/hotspot/share/prims/jni.cpp, line 2276]

Events (20 events):
Event: 16.295 loading class net/cgrand/parsley/lrplus/MatcherFactory
Event: 16.295 loading class net/cgrand/parsley/lrplus/MatcherFactory done
Event: 16.295 Executing VM operation: RevokeBias
Event: 16.296 Executing VM operation: RevokeBias done
Event: 16.296 loading class net/cgrand/regex/Regex
Event: 16.296 loading class net/cgrand/regex/Regex done
Event: 16.296 loading class jline/internal/Ansi
Event: 16.296 loading class jline/internal/Ansi done
Event: 16.296 loading class jline/console/WCWidth
Event: 16.296 loading class jline/console/WCWidth done
Event: 16.296 loading class net/cgrand/regex/RegexValue
Event: 16.296 loading class net/cgrand/regex/RegexValue done
Event: 16.297 loading class jline/console/WCWidth$Interval
Event: 16.297 loading class jline/console/WCWidth$Interval done
Event: 16.297 Executing VM operation: Deoptimize
Event: 16.297 Executing VM operation: Deoptimize done
Event: 16.298 loading class org/fusesource/jansi/internal/Kernel32$INPUT_RECORD
Event: 16.298 loading class org/fusesource/jansi/internal/Kernel32$INPUT_RECORD done
Event: 16.298 loading class net/cgrand/parsley/lrplus$loading__6737__auto____4496
Event: 16.298 loading class net/cgrand/parsley/lrplus$loading__6737__auto____4496 done


Dynamic libraries:
0x00007ff6cc420000 - 0x00007ff6cc42d000 	C:\Program Files\BellSoft\LibericaJDK-11\bin\java.exe
0x00007fffc5380000 - 0x00007fffc5589000 	C:\WINDOWS\SYSTEM32\ntdll.dll
0x00007fffc3830000 - 0x00007fffc38ed000 	C:\WINDOWS\System32\KERNEL32.DLL
0x00007fffc2c70000 - 0x00007fffc2feb000 	C:\WINDOWS\System32\KERNELBASE.dll
0x00007fffc2960000 - 0x00007fffc2a71000 	C:\WINDOWS\System32\ucrtbase.dll
0x00007fff9f6c0000 - 0x00007fff9f6d7000 	C:\Program Files\BellSoft\LibericaJDK-11\bin\jli.dll
0x00007fff9f780000 - 0x00007fff9f795000 	C:\Program Files\BellSoft\LibericaJDK-11\bin\VCRUNTIME140.dll
0x00007fffc3610000 - 0x00007fffc37bd000 	C:\WINDOWS\System32\USER32.dll
0x00007fffb67a0000 - 0x00007fffb6a45000 	C:\WINDOWS\WinSxS\amd64_microsoft.windows.common-controls_6595b64144ccf1df_6.0.22000.120_none_9d947278b86cc467\COMCTL32.dll
0x00007fffc2ff0000 - 0x00007fffc3016000 	C:\WINDOWS\System32\win32u.dll
0x00007fffc3200000 - 0x00007fffc32a3000 	C:\WINDOWS\System32\msvcrt.dll
0x00007fffc3490000 - 0x00007fffc34b9000 	C:\WINDOWS\System32\GDI32.dll
0x00007fffc3020000 - 0x00007fffc3138000 	C:\WINDOWS\System32\gdi32full.dll
0x00007fffc2850000 - 0x00007fffc28ed000 	C:\WINDOWS\System32\msvcp_win.dll
0x00007fffc3430000 - 0x00007fffc3462000 	C:\WINDOWS\System32\IMM32.DLL
0x00007fff69680000 - 0x00007fff6971b000 	C:\Program Files\BellSoft\LibericaJDK-11\bin\msvcp140.dll
0x00007ffedff00000 - 0x00007ffee05dc000 	C:\Program Files\BellSoft\LibericaJDK-11\bin\client\jvm.dll
0x00007fffc3320000 - 0x00007fffc33ce000 	C:\WINDOWS\System32\ADVAPI32.dll
0x00007fffc38f0000 - 0x00007fffc398e000 	C:\WINDOWS\System32\sechost.dll
0x00007fffc5060000 - 0x00007fffc5180000 	C:\WINDOWS\System32\RPCRT4.dll
0x00007fffc4510000 - 0x00007fffc4518000 	C:\WINDOWS\System32\PSAPI.DLL
0x00007fffae190000 - 0x00007fffae199000 	C:\WINDOWS\SYSTEM32\WSOCK32.dll
0x00007fffbd910000 - 0x00007fffbd91a000 	C:\WINDOWS\SYSTEM32\VERSION.dll
0x00007fffbdfb0000 - 0x00007fffbdfe3000 	C:\WINDOWS\SYSTEM32\WINMM.dll
0x00007fffc32b0000 - 0x00007fffc331f000 	C:\WINDOWS\System32\WS2_32.dll
0x00007fffc19c0000 - 0x00007fffc19d8000 	C:\WINDOWS\SYSTEM32\kernel.appcore.dll
0x00007fffb3330000 - 0x00007fffb3340000 	C:\Program Files\BellSoft\LibericaJDK-11\bin\verify.dll
0x00007fffc0280000 - 0x00007fffc04a1000 	C:\WINDOWS\SYSTEM32\DBGHELP.DLL
0x00007fffb09f0000 - 0x00007fffb0a21000 	C:\WINDOWS\SYSTEM32\dbgcore.DLL
0x00007fffc2bf0000 - 0x00007fffc2c6f000 	C:\WINDOWS\System32\bcryptPrimitives.dll
0x00007fff9eb20000 - 0x00007fff9eb48000 	C:\Program Files\BellSoft\LibericaJDK-11\bin\java.dll
0x00007fffae640000 - 0x00007fffae64a000 	C:\Program Files\BellSoft\LibericaJDK-11\bin\jimage.dll
0x00007fff97160000 - 0x00007fff97178000 	C:\Program Files\BellSoft\LibericaJDK-11\bin\zip.dll
0x00007fffc47b0000 - 0x00007fffc4f68000 	C:\WINDOWS\System32\SHELL32.dll
0x00007fffc0a60000 - 0x00007fffc12c5000 	C:\WINDOWS\SYSTEM32\windows.storage.dll
0x00007fffc4170000 - 0x00007fffc44e8000 	C:\WINDOWS\System32\combase.dll
0x00007fffc08f0000 - 0x00007fffc0a56000 	C:\WINDOWS\SYSTEM32\wintypes.dll
0x00007fffc34c0000 - 0x00007fffc35aa000 	C:\WINDOWS\System32\SHCORE.dll
0x00007fffc35b0000 - 0x00007fffc360d000 	C:\WINDOWS\System32\shlwapi.dll
0x00007fffc2780000 - 0x00007fffc27a1000 	C:\WINDOWS\SYSTEM32\profapi.dll
0x00007fff97140000 - 0x00007fff97159000 	C:\Program Files\BellSoft\LibericaJDK-11\bin\net.dll
0x00007fffbeb10000 - 0x00007fffbec24000 	C:\WINDOWS\SYSTEM32\WINHTTP.dll
0x00007fffc1e60000 - 0x00007fffc1ec7000 	C:\WINDOWS\system32\mswsock.dll
0x00007fff97120000 - 0x00007fff97133000 	C:\Program Files\BellSoft\LibericaJDK-11\bin\nio.dll
0x00007fffc20a0000 - 0x00007fffc20b8000 	C:\WINDOWS\SYSTEM32\CRYPTSP.dll
0x00007fffc1920000 - 0x00007fffc1955000 	C:\WINDOWS\system32\rsaenh.dll
0x00007fffc1f50000 - 0x00007fffc1f79000 	C:\WINDOWS\SYSTEM32\USERENV.dll
0x00007fffc2230000 - 0x00007fffc2257000 	C:\WINDOWS\SYSTEM32\bcrypt.dll
0x00007fffc20c0000 - 0x00007fffc20cc000 	C:\WINDOWS\SYSTEM32\CRYPTBASE.dll
0x00007fffc14f0000 - 0x00007fffc151d000 	C:\WINDOWS\SYSTEM32\IPHLPAPI.DLL
0x00007fffc4640000 - 0x00007fffc4649000 	C:\WINDOWS\System32\NSI.dll
0x00007fffbea20000 - 0x00007fffbea39000 	C:\WINDOWS\SYSTEM32\dhcpcsvc6.DLL
0x00007fffbed40000 - 0x00007fffbed5e000 	C:\WINDOWS\SYSTEM32\dhcpcsvc.DLL
0x00007fffc1520000 - 0x00007fffc1608000 	C:\WINDOWS\SYSTEM32\DNSAPI.dll
0x00007fff79f10000 - 0x00007fff79f35000 	C:\Program Files\BellSoft\LibericaJDK-11\bin\sunec.dll
0x00007fffbdfa0000 - 0x00007fffbdfaa000 	C:\Windows\System32\rasadhlp.dll
0x00007fffbe920000 - 0x00007fffbe9a1000 	C:\WINDOWS\System32\fwpuclnt.dll
0x00007fffae200000 - 0x00007fffae20e000 	C:\Program Files\BellSoft\LibericaJDK-11\bin\sunmscapi.dll
0x00007fffc2a80000 - 0x00007fffc2be2000 	C:\WINDOWS\System32\CRYPT32.dll
0x00007fffc2200000 - 0x00007fffc2228000 	C:\WINDOWS\SYSTEM32\ncrypt.dll
0x00007fffc21c0000 - 0x00007fffc21f7000 	C:\WINDOWS\SYSTEM32\NTASN1.dll
0x00007fff9f8b0000 - 0x00007fff9f8ba000 	C:\apache-maven-3.8.2\bin\jansi.dll

dbghelp: loaded successfully - version: 4.0.5 - missing functions: none
symbol engine: initialized successfully - sym options: 0x614 - pdb path: .;C:\Program Files\BellSoft\LibericaJDK-11\bin;C:\WINDOWS\SYSTEM32;C:\WINDOWS\WinSxS\amd64_microsoft.windows.common-controls_6595b64144ccf1df_6.0.22000.120_none_9d947278b86cc467;C:\Program Files\BellSoft\LibericaJDK-11\bin\client;C:\apache-maven-3.8.2\bin

VM Arguments:
jvm_args: -Dfile.encoding=UTF-8 -Dclojure.compile.path=C:\Users\rsclison\Documents\DEVT\hyauth/target/classes -Dleiningen.original.pwd=C:\Users\rsclison\Documents\DEVT\hyauth 
java_command: clojure.main -m leiningen.core.main repl
java_class_path (initial): C:\Users\rsclison\.lein\self-installs\leiningen-2.9.7-standalone.jar
Launcher Type: SUN_STANDARD

[Global flags]
   size_t InitialHeapSize                          = 16777216                                  {product} {ergonomic}
   size_t MaxHeapSize                              = 268435456                                 {product} {ergonomic}
   size_t MaxNewSize                               = 89456640                                  {product} {ergonomic}
   size_t MinHeapDeltaBytes                        = 196608                                    {product} {ergonomic}
   size_t NewSize                                  = 5570560                                   {product} {ergonomic}
    uintx NonProfiledCodeHeapSize                  = 0                                      {pd product} {ergonomic}
   size_t OldSize                                  = 11206656                                  {product} {ergonomic}
    uintx ProfiledCodeHeapSize                     = 0                                      {pd product} {ergonomic}
     bool UseLargePagesIndividualAllocation        = false                                  {pd product} {ergonomic}
     bool UseSerialGC                              = true                                      {product} {ergonomic}

Logging:
Log output configuration:
 #0: stdout all=warning uptime,level,tags
 #1: stderr all=off uptime,level,tags

Environment Variables:
JAVA_HOME=C:\Program Files\Eclipse Adoptium\jdk-11.0.16.8-hotspot\
CLASSPATH=C:\Users\rsclison\.lein\self-installs\leiningen-2.9.7-standalone.jar
PATH=C:\Program Files\BellSoft\LibericaJDK-11\bin\;C:\Program Files\Eclipse Adoptium\jdk-11.0.16.8-hotspot\bin;C:\WINDOWS\system32;C:\WINDOWS;C:\WINDOWS\System32\Wbem;C:\WINDOWS\System32\WindowsPowerShell\v1.0\;C:\WINDOWS\System32\OpenSSH\;C:\Program Files\Git\cmd;C:\Program Files\PuTTY\;C:\Users\rsclison\Documents;C:\Program Files (x86)\AOMEI\AOMEI Backupper\6.8.0;C:\Program Files (x86)\GTK2-Runtime\bin;C:\Program Files\dotnet\;C:\apache-maven-3.8.2\bin;C:\Program Files\PowerShell\7\;C:\Users\rsclison\AppData\Local\Microsoft\WindowsApps;C:\Users\rsclison\AppData\Local\Programs\Microsoft VS Code\bin;C:\Users\rsclison\Documents\DEVT;C:\Program Files (x86)\Nmap;C:\clj
USERNAME=rsclison
OS=Windows_NT
PROCESSOR_IDENTIFIER=Intel64 Family 6 Model 140 Stepping 1, GenuineIntel
TMP=C:\Users\rsclison\AppData\Local\Temp
TEMP=C:\Users\rsclison\AppData\Local\Temp



---------------  S Y S T E M  ---------------

OS: Windows 11 , 64 bit Build 22000 (10.0.22000.708)
OS uptime: 4 days 17:12 hours

CPU:total 8 (initial active 8) (4 cores per cpu, 2 threads per core) family 6 model 140 stepping 1 microcode 0xa4, cmov, cx8, fxsr, mmx, sse, sse2, sse3, ssse3, sse4.1, sse4.2, popcnt, avx, avx2, aes, clmul, erms, 3dnowpref, lzcnt, ht, tsc, tscinvbit, bmi1, bmi2, adx, evex, sha, fma

Memory: 4k page, system-wide physical 32494M (14049M free)
TotalPageFile size 37358M (AvailPageFile size 8159M)
current process WorkingSet (physical memory assigned to process): 128M, peak: 128M
current process commit charge ("private bytes"): 129M, peak: 129M

vm_info: OpenJDK 64-Bit Client VM (11.0.16+8-LTS) for windows-amd64 JRE (11.0.16+8-LTS), built on Jul 15 2022 19:45:05 by "" with MS VC++ 15.9 (VS2017)

END.
