#
# A fatal error has been detected by the Java Runtime Environment:
#
#  EXCEPTION_ACCESS_VIOLATION (0xc0000005) at pc=0x00007ffee03a8913, pid=20784, tid=19032
#
# JRE version: OpenJDK Runtime Environment (11.0.16+8) (build 11.0.16+8-LTS)
# Java VM: OpenJDK 64-Bit Client VM (11.0.16+8-LTS, mixed mode, serial gc, windows-amd64)
# Problematic frame:
# V  [jvm.dll+0x238913]
#
# No core dump will be written. Minidumps are not enabled by default on client versions of Windows
#
# If you would like to submit a bug report, please visit:
#   https://bell-sw.com/support
#

---------------  S U M M A R Y ------------

Command Line: -Dfile.encoding=UTF-8 -Dclojure.compile.path=C:\Users\rsclison\Documents\DEVT\hyauth/target/classes -Dleiningen.original.pwd=C:\Users\rsclison\Documents\DEVT\hyauth clojure.main -m leiningen.core.main repl

Host: 11th Gen Intel(R) Core(TM) i7-1185G7 @ 3.00GHz, 8 cores, 31G,  Windows 11 , 64 bit Build 22000 (10.0.22000.708)
Time: Fri Oct 21 17:03:01 2022 Paris, Madrid (heure duild 22000 (10.0.22000.708) elapsed time: 11.595230 seconds (0d 0h 0m 11s)

---------------  T H R E A D  ---------------

Current thread (0x0000022ac8a23000):  JavaThread "main" [_thread_in_vm, id=19032, stack(0x00000081b1300000,0x00000081b1400000)]

Stack: [0x00000081b1300000,0x00000081b1400000],  sp=0x00000081b13f7150,  free space=988k
Native frames: (J=compiled Java code, j=interpreted, Vv=VM code, C=native code)
V  [jvm.dll+0x238913]
C  [jansi.dll+0x2280]

Java frames: (J=compiled Java code, j=interpreted, Vv=VM code)
j  org.fusesource.jansi.internal.Kernel32$INPUT_RECORD.init()V+0
j  org.fusesource.jansi.internal.Kernel32$INPUT_RECORD.<clinit>()V+6
v  ~StubRoutines::call_stub
j  org.fusesource.jansi.internal.Kernel32.readConsoleInputHelper(JIZ)[Lorg/fusesource/jansi/internal/Kernel32$INPUT_RECORD;+8
j  org.fusesource.jansi.internal.Kernel32.readConsoleKeyInput(JIZ)[Lorg/fusesource/jansi/internal/Kernel32$INPUT_RECORD;+3
j  org.fusesource.jansi.internal.WindowsSupport.readConsoleInput(I)[Lorg/fusesource/jansi/internal/Kernel32$INPUT_RECORD;+21
j  jline.WindowsTerminal.readConsoleInput()[B+3
j  jline.WindowsTerminal.access$000(Ljline/WindowsTerminal;)[B+1
j  jline.WindowsTerminal$1.read()I+24
j  jline.internal.NonBlockingInputStream.read(JZ)I+102
j  jline.internal.NonBlockingInputStream.read(J)I+27
j  jline.internal.NonBlockingInputStream.read([BII)I+51
j  jline.internal.InputStreamReader.read([CII)I+177
j  jline.internal.InputStreamReader.read()I+32
j  jline.console.ConsoleReader.readCharacter(Z)I+4
j  jline.console.ConsoleReader.readCharacter()I+2
j  jline.console.ConsoleReader.readBinding(Ljline/console/KeyMap;)Ljava/lang/Object;+19
j  jline.console.ConsoleReader.readLine(Ljava/lang/String;Ljava/lang/Character;Ljava/lang/String;)Ljava/lang/String;+223
j  jline.console.ConsoleReader.readLine(Ljava/lang/String;Ljava/lang/Character;)Ljava/lang/String;+4
j  jline.console.ConsoleReader.readLine(Ljava/lang/String;)Ljava/lang/String;+3
j  jline.console.ConsoleReader.readLine()Ljava/lang/String;+5
j  reply.reader.simple_jline$eval1109$fn__1110.invoke(Ljava/lang/Object;)Ljava/lang/Object;+6
j  reply.reader.simple_jline$eval1081$fn__1082$G__1070__1087.invoke(Ljava/lang/Object;)Ljava/lang/Object;+87
j  reply.reader.simple_jline$get_input_line$fn__1127.invoke()Ljava/lang/Object;+35
j  reply.reader.simple_jline$get_input_line.invokeStatic(Ljava/lang/Object;)Ljava/lang/Object;+225
j  reply.reader.simple_jline$get_input_line.invoke(Ljava/lang/Object;)Ljava/lang/Object;+3
j  clojure.lang.Atom.swap(Lclojure/lang/IFn;)Ljava/lang/Object;+7
j  clojure.core$swap_BANG_.invokeStatic(Ljava/lang/Object;Ljava/lang/Object;)Ljava/lang/Object;+12
j  clojure.core$swap_BANG_.invoke(Ljava/lang/Object;Ljava/lang/Object;)Ljava/lang/Object;+6
j  reply.reader.simple_jline$safe_read_line.invokeStatic(Ljava/lang/Object;)Ljava/lang/Object;+301
j  reply.reader.simple_jline$safe_read_line.invoke(Ljava/lang/Object;)Ljava/lang/Object;+3
j  reply.reader.simple_jline$safe_read_line.invokeStatic(Ljava/lang/Object;Ljava/lang/Object;)Ljava/lang/Object;+127
j  reply.reader.simple_jline$safe_read_line.invoke(Ljava/lang/Object;Ljava/lang/Object;)Ljava/lang/Object;+6
J 890 c1 clojure.core$partial$fn__5857.invoke(Ljava/lang/Object;)Ljava/lang/Object; (22 bytes) @ 0x0000022ad2b91f64 [0x0000022ad2b91ee0+0x0000000000000084]
j  reply.eval_modes.nrepl$run_repl.invokeStatic(Ljava/lang/Object;Ljava/lang/Object;)Ljava/lang/Object;+384
j  reply.eval_modes.nrepl$run_repl.invoke(Ljava/lang/Object;Ljava/lang/Object;)Ljava/lang/Object;+6
j  reply.eval_modes.nrepl$main.invokeStatic(Ljava/lang/Object;)Ljava/lang/Object;+538
j  reply.eval_modes.nrepl$main.invoke(Ljava/lang/Object;)Ljava/lang/Object;+3
j  reply.main$launch_nrepl$fn__1915.invoke()Ljava/lang/Object;+15
j  clojure.core$with_redefs_fn.invokeStatic(Ljava/lang/Object;Ljava/lang/Object;)Ljava/lang/Object;+49
j  clojure.core$with_redefs_fn.invoke(Ljava/lang/Object;Ljava/lang/Object;)Ljava/lang/Object;+6
j  reply.main$launch_nrepl.invokeStatic(Ljava/lang/Object;)Ljava/lang/Object;+70
j  reply.main$launch_nrepl.invoke(Ljava/lang/Object;)Ljava/lang/Object;+3
J 2709 c1 clojure.lang.Var.invoke(Ljava/lang/Object;)Ljava/lang/Object; (17 bytes) @ 0x0000022ad2ec90e4 [0x0000022ad2ec9030+0x00000000000000b4]
j  leiningen.repl$client.invokeStatic(Ljava/lang/Object;Ljava/lang/Object;Ljava/lang/Object;)Ljava/lang/Object;+241
j  leiningen.repl$client.invoke(Ljava/lang/Object;Ljava/lang/Object;Ljava/lang/Object;)Ljava/lang/Object;+9
j  leiningen.repl$repl.invokeStatic(Ljava/lang/Object;Ljava/lang/Object;Lclojure/lang/ISeq;)Ljava/lang/Object;+783
j  leiningen.repl$repl.doInvoke(Ljava/lang/Object;Ljava/lang/Object;Ljava/lang/Object;)Ljava/lang/Object;+12
j  clojure.lang.RestFn.invoke(Ljava/lang/Object;Ljava/lang/Object;)Ljava/lang/Object;+109
j  leiningen.repl$repl.invokeStatic(Ljava/lang/Object;)Ljava/lang/Object;+14
j  leiningen.repl$repl.invoke(Ljava/lang/Object;)Ljava/lang/Object;+3
J 646 c1 clojure.lang.AFn.applyToHelper(Lclojure/lang/IFn;Lclojure/lang/ISeq;)Ljava/lang/Object; (3238 bytes) @ 0x0000022ad2b2c494 [0x0000022ad2b28050+0x0000000000004444]
J 898 c1 clojure.lang.RestFn.applyTo(Lclojure/lang/ISeq;)Ljava/lang/Object; (3076 bytes) @ 0x0000022ad2b98d84 [0x0000022ad2b953d0+0x00000000000039b4]
j  clojure.lang.Var.applyTo(Lclojure/lang/ISeq;)Ljava/lang/Object;+5
J 2152 c1 clojure.core$apply.invokeStatic(Ljava/lang/Object;Ljava/lang/Object;Ljava/lang/Object;)Ljava/lang/Object; (24 bytes) @ 0x0000022ad2df98f4 [0x0000022ad2df9830+0x00000000000000c4]
j  clojure.core$apply.invoke(Ljava/lang/Object;Ljava/lang/Object;Ljava/lang/Object;)Ljava/lang/Object;+9
j  leiningen.core.main$partial_task$fn__7334.doInvoke(Ljava/lang/Object;Ljava/lang/Object;)Ljava/lang/Object;+54
J 815 c1 clojure.lang.RestFn.invoke(Ljava/lang/Object;)Ljava/lang/Object; (73 bytes) @ 0x0000022ad2b7501c [0x0000022ad2b74f70+0x00000000000000ac]
J 646 c1 clojure.lang.AFn.applyToHelper(Lclojure/lang/IFn;Lclojure/lang/ISeq;)Ljava/lang/Object; (3238 bytes) @ 0x0000022ad2b2c494 [0x0000022ad2b28050+0x0000000000004444]
J 898 c1 clojure.lang.RestFn.applyTo(Lclojure/lang/ISeq;)Ljava/lang/Object; (3076 bytes) @ 0x0000022ad2b98d84 [0x0000022ad2b953d0+0x00000000000039b4]
j  clojure.lang.AFunction$1.doInvoke(Ljava/lang/Object;)Ljava/lang/Object;+8
J 898 c1 clojure.lang.RestFn.applyTo(Lclojure/lang/ISeq;)Ljava/lang/Object; (3076 bytes) @ 0x0000022ad2b98d5c [0x0000022ad2b953d0+0x000000000000398c]
J 2152 c1 clojure.core$apply.invokeStatic(Ljava/lang/Object;Ljava/lang/Object;Ljava/lang/Object;)Ljava/lang/Object; (24 bytes) @ 0x0000022ad2df98f4 [0x0000022ad2df9830+0x00000000000000c4]
j  clojure.core$apply.invoke(Ljava/lang/Object;Ljava/lang/Object;Ljava/lang/Object;)Ljava/lang/Object;+9
j  leiningen.core.main$apply_task.invokeStatic(Ljava/lang/Object;Ljava/lang/Object;Ljava/lang/Object;)Ljava/lang/Object;+531
j  leiningen.core.main$apply_task.invoke(Ljava/lang/Object;Ljava/lang/Object;Ljava/lang/Object;)Ljava/lang/Object;+9
j  leiningen.core.main$resolve_and_apply.invokeStatic(Ljava/lang/Object;Ljava/lang/Object;)Ljava/lang/Object;+97
j  leiningen.core.main$resolve_and_apply.invoke(Ljava/lang/Object;Ljava/lang/Object;)Ljava/lang/Object;+6
j  leiningen.core.main$_main$fn__7423.invoke()Ljava/lang/Object;+370
j  leiningen.core.main$_main.invokeStatic(Lclojure/lang/ISeq;)Ljava/lang/Object;+13
j  leiningen.core.main$_main.doInvoke(Ljava/lang/Object;)Ljava/lang/Object;+6
J 898 c1 clojure.lang.RestFn.applyTo(Lclojure/lang/ISeq;)Ljava/lang/Object; (3076 bytes) @ 0x0000022ad2b98d5c [0x0000022ad2b953d0+0x000000000000398c]
j  clojure.lang.Var.applyTo(Lclojure/lang/ISeq;)Ljava/lang/Object;+5
J 935 c1 clojure.core$apply.invokeStatic(Ljava/lang/Object;Ljava/lang/Object;)Ljava/lang/Object; (21 bytes) @ 0x0000022ad2baafb4 [0x0000022ad2baaef0+0x00000000000000c4]
j  clojure.main$main_opt.invokeStatic(Ljava/lang/Object;Ljava/lang/Object;)Ljava/lang/Object;+412
j  clojure.main$main_opt.invoke(Ljava/lang/Object;Ljava/lang/Object;)Ljava/lang/Object;+6
j  clojure.main$main.invokeStatic(Lclojure/lang/ISeq;)Ljava/lang/Object;+376
j  clojure.main$main.doInvoke(Ljava/lang/Object;)Ljava/lang/Object;+6
j  clojure.lang.RestFn.applyTo(Lclojure/lang/ISeq;)Ljava/lang/Object;+136
j  clojure.lang.Var.applyTo(Lclojure/lang/ISeq;)Ljava/lang/Object;+5
j  clojure.main.main([Ljava/lang/String;)V+20
v  ~StubRoutines::call_stub

siginfo: EXCEPTION_ACCESS_VIOLATION (0xc0000005), reading address 0x0000000000000000


Register to memory mapping:

RIP=0x00007ffee03a8913 jvm.dll
RAX=0x0 is NULL
RBX=0x0000022ac8a23000 is a thread
RCX=0x1e4b03a7892f0000 is an unknown value
RDX=0x0000000000000006 is an unknown value
RSP=0x00000081b13f7150 is pointing into the stack for thread: 0x0000022ac8a23000
RBP=0x0000022ac8a23000 is a thread
RSI=0x0 is NULL
RDI=0x00000081b13f7200 is pointing into the stack for thread: 0x0000022ac8a23000
R8 =0x0 is NULL
R9 =0x0000000000000002 is an unknown value
R10=0x00000081b13f6c5c is pointing into the stack for thread: 0x0000022ac8a23000
R11=0x00000081b13f7148 is pointing into the stack for thread: 0x0000022ac8a23000
R12=0x00000081b13f76d8 is pointing into the stack for thread: 0x0000022ac8a23000
R13=0x0000022ae8e51f90 is pointing into metadata
R14=0x0000000000000002 is an unknown value
R15=0x0000022ac8a23000 is a thread


Registers:
RAX=0x0000000000000000, RBX=0x0000022ac8a23000, RCX=0x1e4b03a7892f0000, RDX=0x0000000000000006
RSP=0x00000081b13f7150, RBP=0x0000022ac8a23000, RSI=0x0000000000000000, RDI=0x00000081b13f7200
R8 =0x0000000000000000, R9 =0x0000000000000002, R10=0x00000081b13f6c5c, R11=0x00000081b13f7148
R12=0x00000081b13f76d8, R13=0x0000022ae8e51f90, R14=0x0000000000000002, R15=0x0000022ac8a23000
RIP=0x00007ffee03a8913, EFLAGS=0x0000000000010246

Top of Stack: (sp=0x00000081b13f7150)
0x00000081b13f7150:   0000022ac8a23000 0000000000000000
0x00000081b13f7160:   0000000100000009 0000022ae8e51ae0
0x00000081b13f7170:   0000022ac8a23000 0000022ac8a23000
0x00000081b13f7180:   0000000000000000 00007ffee035a82c
0x00000081b13f7190:   0000022ac8a23000 0000022ac8a20cb0
0x00000081b13f71a0:   0000022a000008e4 00007ffee069b628
0x00000081b13f71b0:   00000081b13f7288 00000081b13f7280
0x00000081b13f71c0:   0000022ac8a23348 00007fff9eb12280
0x00000081b13f71d0:   0000022afc4cea40 00007ffee0782720
0x00000081b13f71e0:   0000000000000002 0000022ac8a23000
0x00000081b13f71f0:   0000000000000000 0000022ad295e39a
0x00000081b13f7200:   0000022ae8e51f98 00000081b13f7270
0x00000081b13f7210:   0000022ac8a23000 0000022ac8a23000
0x00000081b13f7220:   0000022ad295e02d 00000081b13f7228
0x00000081b13f7230:   0000022ae8e51f90 00000081b13f7288
0x00000081b13f7240:   0000022ae8e52410 0000000000000000 

Instructions: (pc=0x00007ffee03a8913)
0x00007ffee03a8813:   08 48 8b cb e8 44 01 e0 ff 83 3d fd 8c 42 00 01
0x00007ffee03a8823:   75 0e 48 8b 83 08 01 00 00 c0 e8 03 a8 01 74 08
0x00007ffee03a8833:   48 8b cb e8 25 a1 18 00 4c 8d 5c 24 60 c7 83 c0
0x00007ffee03a8843:   03 00 00 04 00 00 00 49 8b 5b 28 49 8b 6b 30 49
0x00007ffee03a8853:   8b e3 41 5e 5f 5e c3 cc cc cc cc cc cc 48 89 5c
0x00007ffee03a8863:   24 10 48 89 6c 24 18 56 57 41 56 48 83 ec 60 8b
0x00007ffee03a8873:   81 90 00 00 00 48 8d a9 b8 fc ff ff 05 55 21 ff
0x00007ffee03a8883:   ff 45 0f b7 f1 49 8b f0 83 f8 01 76 0d 48 8b cd
0x00007ffee03a8893:   40 b7 01 e8 a5 f7 23 00 eb 03 40 32 ff 33 db ba
0x00007ffee03a88a3:   06 00 00 00 40 84 ff 48 0f 44 dd 48 8b cb e8 ba
0x00007ffee03a88b3:   9a e2 ff 48 83 7b 08 00 48 89 5c 24 40 48 c7 44
0x00007ffee03a88c3:   24 48 00 00 00 00 74 0a 48 8d 4c 24 40 e8 7b e4
0x00007ffee03a88d3:   15 00 80 3d 6f 0e 42 00 00 74 35 4c 8b 0e 48 8d
0x00007ffee03a88e3:   84 24 80 00 00 00 48 89 44 24 38 45 33 c0 c6 44
0x00007ffee03a88f3:   24 30 53 33 d2 c6 44 24 28 01 48 8b cb 48 89 74
0x00007ffee03a8903:   24 20 66 44 89 b4 24 80 00 00 00 e8 6d aa 07 00
0x00007ffee03a8913:   48 8b 0e 48 63 7e 10 e8 31 70 09 00 66 44 89 34
0x00007ffee03a8923:   07 48 83 7c 24 48 00 74 0a 48 8d 4c 24 40 e8 ba
0x00007ffee03a8933:   e4 15 00 48 8b bb f0 00 00 00 48 8b 47 10 48 8b
0x00007ffee03a8943:   77 08 48 83 38 00 74 19 48 8b 57 28 48 8b ce e8
0x00007ffee03a8953:   79 47 dd ff 48 8b 4f 10 e8 e0 46 dd ff 48 8b 47
0x00007ffee03a8963:   10 48 89 46 10 48 8b 47 18 48 89 46 18 48 8b 47
0x00007ffee03a8973:   20 48 89 46 20 c7 83 c0 03 00 00 07 00 00 00 80
0x00007ffee03a8983:   3d c7 88 3d 00 00 75 09 83 3d 26 49 42 00 01 74
0x00007ffee03a8993:   18 80 3d b6 88 3d 00 00 74 07 e8 ce b2 13 00 eb
0x00007ffee03a89a3:   08 48 8b cb e8 b4 ff df ff 83 3d 6d 8b 42 00 01
0x00007ffee03a89b3:   75 0e 48 8b 83 08 01 00 00 c0 e8 03 a8 01 74 08
0x00007ffee03a89c3:   48 8b cb e8 95 9f 18 00 4c 8d 5c 24 60 c7 83 c0
0x00007ffee03a89d3:   03 00 00 04 00 00 00 49 8b 5b 28 49 8b 6b 30 49
0x00007ffee03a89e3:   8b e3 41 5e 5f 5e c3 cc cc cc cc cc cc 48 89 5c
0x00007ffee03a89f3:   24 10 48 89 6c 24 18 56 57 41 56 48 83 ec 60 8b
0x00007ffee03a8a03:   81 90 00 00 00 48 8d a9 b8 fc ff ff 05 55 21 ff 


Stack slot to memory mapping:
stack at sp + 0 slots: 0x0000022ac8a23000 is a thread
stack at sp + 1 slots: 0x0 is NULL
stack at sp + 2 slots: 0x0000000100000009 is an unknown value
stack at sp + 3 slots: 0x0000022ae8e51ae0 is pointing into metadata
stack at sp + 4 slots: 0x0000022ac8a23000 is a thread
stack at sp + 5 slots: 0x0000022ac8a23000 is a thread
stack at sp + 6 slots: 0x0 is NULL
stack at sp + 7 slots: 0x00007ffee035a82c jvm.dll


---------------  P R O C E S S  ---------------

Threads class SMR info:
_java_thread_list=0x0000022ae7de3180, length=21, elements={
0x0000022ac8a23000, 0x0000022ae539b800, 0x0000022ae539c000, 0x0000022ae5409800,
0x0000022ae53b7800, 0x0000022ae53b8800, 0x0000022ae53ba800, 0x0000022ae53bd800,
0x0000022ae54ea000, 0x0000022ae641c000, 0x0000022ae7ba1800, 0x0000022ae7bce000,
0x0000022ae7c0e800, 0x0000022ae7c65000, 0x0000022ae7c66000, 0x0000022ae7c67000,
0x0000022ae7c67800, 0x0000022ae61a5800, 0x0000022ae7bbd000, 0x0000022ae7bbd800,
0x0000022ae7bbf000
}

Java Threads: ( => current thread )
=>0x0000022ac8a23000 JavaThread "main" [_thread_in_vm, id=19032, stack(0x00000081b1300000,0x00000081b1400000)]
  0x0000022ae539b800 JavaThread "Reference Handler" daemon [_thread_blocked, id=28340, stack(0x00000081b1500000,0x00000081b1600000)]
  0x0000022ae539c000 JavaThread "Finalizer" daemon [_thread_blocked, id=1500, stack(0x00000081b1600000,0x00000081b1700000)]
  0x0000022ae5409800 JavaThread "Signal Dispatcher" daemon [_thread_blocked, id=23624, stack(0x00000081b1700000,0x00000081b1800000)]
  0x0000022ae53b7800 JavaThread "Attach Listener" daemon [_thread_blocked, id=48572, stack(0x00000081b1800000,0x00000081b1900000)]
  0x0000022ae53b8800 JavaThread "Service Thread" daemon [_thread_blocked, id=19464, stack(0x00000081b1900000,0x00000081b1a00000)]
  0x0000022ae53ba800 JavaThread "C1 CompilerThread0" daemon [_thread_blocked, id=39188, stack(0x00000081b1a00000,0x00000081b1b00000)]
  0x0000022ae53bd800 JavaThread "Sweeper thread" daemon [_thread_blocked, id=45788, stack(0x00000081b1b00000,0x00000081b1c00000)]
  0x0000022ae54ea000 JavaThread "Common-Cleaner" daemon [_thread_blocked, id=44324, stack(0x00000081b1d00000,0x00000081b1e00000)]
  0x0000022ae641c000 JavaThread "clojure-agent-send-off-pool-0" [_thread_in_native, id=24380, stack(0x00000081b1e00000,0x00000081b1f00000)]
  0x0000022ae7ba1800 JavaThread "clojure-agent-send-off-pool-1" [_thread_blocked, id=39360, stack(0x00000081b1f00000,0x00000081b2000000)]
  0x0000022ae7bce000 JavaThread "Thread-2" [_thread_blocked, id=35692, stack(0x00000081b2000000,0x00000081b2100000)]
  0x0000022ae7c0e800 JavaThread "clojure-agent-send-off-pool-2" [_thread_blocked, id=48592, stack(0x00000081b2100000,0x00000081b2200000)]
  0x0000022ae7c65000 JavaThread "PipeThread 199188936" daemon [_thread_in_native, id=34876, stack(0x00000081b2200000,0x00000081b2300000)]
  0x0000022ae7c66000 JavaThread "PipeThread 1097047632" daemon [_thread_in_native, id=26132, stack(0x00000081b2300000,0x00000081b2400000)]
  0x0000022ae7c67000 JavaThread "PipeThread 889986588" daemon [_thread_blocked, id=25756, stack(0x00000081b2400000,0x00000081b2500000)]
  0x0000022ae7c67800 JavaThread "ClosingPipeCloser 889986588" daemon [_thread_blocked, id=19608, stack(0x00000081b2500000,0x00000081b2600000)]
  0x0000022ae61a5800 JavaThread "clojure-agent-send-off-pool-3" [_thread_in_native, id=45232, stack(0x00000081b2600000,0x00000081b2700000)]
  0x0000022ae7bbd000 JavaThread "clojure-agent-send-off-pool-4" [_thread_in_native, id=36164, stack(0x00000081b2700000,0x00000081b2800000)]
  0x0000022ae7bbd800 JavaThread "nREPL response poller" daemon [_thread_blocked, id=48052, stack(0x00000081b2800000,0x00000081b2900000)]
  0x0000022ae7bbf000 JavaThread "NonBlockingInputStreamThread" daemon [_thread_blocked, id=32524, stack(0x00000081b2900000,0x00000081b2a00000)]

Other Threads:
  0x0000022ae5373800 VMThread "VM Thread" [stack: 0x00000081b1400000,0x00000081b1500000] [id=8896]
  0x0000022ae5630800 WatcherThread [stack: 0x00000081b1c00000,0x00000081b1d00000] [id=24788]

Threads with active compile tasks:

VM state:not at safepoint (normal execution)

VM Mutex/Monitor currently owned by a thread: None

Heap:
 def new generation   total 15552K, used 5715K [0x0000022ad4a00000, 0x0000022ad5ad0000, 0x0000022ad9f50000)
  eden space 13888K,  29% used [0x0000022ad4a00000, 0x0000022ad4df4d60, 0x0000022ad5790000)
  from space 1664K,  99% used [0x0000022ad5930000, 0x0000022ad5acfff8, 0x0000022ad5ad0000)
  to   space 1664K,   0% used [0x0000022ad5790000, 0x0000022ad5790000, 0x0000022ad5930000)
 tenured generation   total 34348K, used 31649K [0x0000022ad9f50000, 0x0000022adc0db000, 0x0000022ae4a00000)
   the space 34348K,  92% used [0x0000022ad9f50000, 0x0000022adbe38438, 0x0000022adbe38600, 0x0000022adc0db000)
 Metaspace       used 32155K, capacity 34302K, committed 34304K, reserved 34816K

Card table byte_map: [0x0000022ae4a00000,0x0000022ae4a90000] _byte_map_base: 0x00000229cf35b000

Polling page: 0x0000022aca2b0000

Metaspace:

Usage:
   33.50 MB capacity,    31.40 MB ( 94%) used,     2.00 MB (  6%) free+waste,    98.81 KB ( <1%) overhead. 

Virtual space:
     34.00 MB reserved,      33.50 MB ( 99%) committed 

Chunk freelists:
2.00 KB

MaxMetaspaceSize: 17179869184.00 GB
No class space
Initial GC threshold: 12.00 MB
Current GC threshold: 47.92 MB
CDS: off

CodeCache: size=32768Kb used=6193Kb max_used=6193Kb free=26574Kb
 bounds [0x0000022ad2950000, 0x0000022ad2f60000, 0x0000022ad4950000]
 total_blobs=3452 nmethods=3001 adapters=382
 compilation: enabled
              stopped_count=0, restarted_count=0
 full_count=0

Compilation events (20 events):
Event: 11.562 Thread 0x0000022ae53ba800 2989             java.util.TreeMap::getEntryUsingComparator (74 bytes)
Event: 11.562 Thread 0x0000022ae53ba800 nmethod 2989 0x0000022ad2f571d0 code [0x0000022ad2f57360, 0x0000022ad2f574b8]
Event: 11.562 Thread 0x0000022ae53ba800 2990             java.util.TreeMap::put (247 bytes)
Event: 11.562 Thread 0x0000022ae53ba800 nmethod 2990 0x0000022ad2f57590 code [0x0000022ad2f57790, 0x0000022ad2f57d98]
Event: 11.562 Thread 0x0000022ae53ba800 2991             java.util.TreeMap::setColor (10 bytes)
Event: 11.562 Thread 0x0000022ae53ba800 nmethod 2991 0x0000022ad2f58090 code [0x0000022ad2f58210, 0x0000022ad2f582b8]
Event: 11.562 Thread 0x0000022ae53ba800 2992             java.util.TreeMap::fixAfterInsertion (267 bytes)
Event: 11.563 Thread 0x0000022ae53ba800 nmethod 2992 0x0000022ad2f58350 code [0x0000022ad2f58590, 0x0000022ad2f58ce8]
Event: 11.563 Thread 0x0000022ae53ba800 2993             java.util.TreeMap::leftOf (13 bytes)
Event: 11.563 Thread 0x0000022ae53ba800 nmethod 2993 0x0000022ad2f59410 code [0x0000022ad2f59590, 0x0000022ad2f59648]
Event: 11.563 Thread 0x0000022ae53ba800 2994             java.util.TreeMap::getEntry (84 bytes)
Event: 11.563 Thread 0x0000022ae53ba800 nmethod 2994 0x0000022ad2f596d0 code [0x0000022ad2f59880, 0x0000022ad2f59ad8]
Event: 11.564 Thread 0x0000022ae53ba800 2995             java.util.TreeMap::containsKey (14 bytes)
Event: 11.564 Thread 0x0000022ae53ba800 nmethod 2995 0x0000022ad2f59c10 code [0x0000022ad2f59da0, 0x0000022ad2f59e68]
Event: 11.564 Thread 0x0000022ae53ba800 2996             sun.nio.cs.ext.AbstractCharsetProvider::put (20 bytes)
Event: 11.564 Thread 0x0000022ae53ba800 nmethod 2996 0x0000022ad2f59ed0 code [0x0000022ad2f5a060, 0x0000022ad2f5a168]
Event: 11.573 Thread 0x0000022ae53ba800 2997   !         sun.nio.cs.ext.AbstractCharsetProvider::charset (75 bytes)
Event: 11.574 Thread 0x0000022ae53ba800 nmethod 2997 0x0000022ad2f5a410 code [0x0000022ad2f5a600, 0x0000022ad2f5aa18]
Event: 11.574 Thread 0x0000022ae53ba800 2998             java.util.TreeMap::rotateLeft (96 bytes)
Event: 11.575 Thread 0x0000022ae53ba800 nmethod 2998 0x0000022ad2f5ad10 code [0x0000022ad2f5ae90, 0x0000022ad2f5b038]

GC Heap History (20 events):
Event: 11.101 GC heap before
{Heap before GC invocations=106 (full 4):
 def new generation   total 15552K, used 14675K [0x0000022ad4a00000, 0x0000022ad5ad0000, 0x0000022ad9f50000)
  eden space 13888K, 100% used [0x0000022ad4a00000, 0x0000022ad5790000, 0x0000022ad5790000)
  from space 1664K,  47% used [0x0000022ad5930000, 0x0000022ad59f4c90, 0x0000022ad5ad0000)
  to   space 1664K,   0% used [0x0000022ad5790000, 0x0000022ad5790000, 0x0000022ad5930000)
 tenured generation   total 34348K, used 29570K [0x0000022ad9f50000, 0x0000022adc0db000, 0x0000022ae4a00000)
   the space 34348K,  86% used [0x0000022ad9f50000, 0x0000022adbc30a08, 0x0000022adbc30c00, 0x0000022adc0db000)
 Metaspace       used 30141K, capacity 31597K, committed 31744K, reserved 32768K
}
Event: 11.102 GC heap after
{Heap after GC invocations=107 (full 4):
 def new generation   total 15552K, used 1180K [0x0000022ad4a00000, 0x0000022ad5ad0000, 0x0000022ad9f50000)
  eden space 13888K,   0% used [0x0000022ad4a00000, 0x0000022ad4a00000, 0x0000022ad5790000)
  from space 1664K,  70% used [0x0000022ad5790000, 0x0000022ad58b70b0, 0x0000022ad5930000)
  to   space 1664K,   0% used [0x0000022ad5930000, 0x0000022ad5930000, 0x0000022ad5ad0000)
 tenured generation   total 34348K, used 29570K [0x0000022ad9f50000, 0x0000022adc0db000, 0x0000022ae4a00000)
   the space 34348K,  86% used [0x0000022ad9f50000, 0x0000022adbc30a08, 0x0000022adbc30c00, 0x0000022adc0db000)
 Metaspace       used 30141K, capacity 31597K, committed 31744K, reserved 32768K
}
Event: 11.139 GC heap before
{Heap before GC invocations=107 (full 4):
 def new generation   total 15552K, used 15068K [0x0000022ad4a00000, 0x0000022ad5ad0000, 0x0000022ad9f50000)
  eden space 13888K, 100% used [0x0000022ad4a00000, 0x0000022ad5790000, 0x0000022ad5790000)
  from space 1664K,  70% used [0x0000022ad5790000, 0x0000022ad58b70b0, 0x0000022ad5930000)
  to   space 1664K,   0% used [0x0000022ad5930000, 0x0000022ad5930000, 0x0000022ad5ad0000)
 tenured generation   total 34348K, used 29570K [0x0000022ad9f50000, 0x0000022adc0db000, 0x0000022ae4a00000)
   the space 34348K,  86% used [0x0000022ad9f50000, 0x0000022adbc30a08, 0x0000022adbc30c00, 0x0000022adc0db000)
 Metaspace       used 30293K, capacity 31957K, committed 32000K, reserved 32768K
}
Event: 11.141 GC heap after
{Heap after GC invocations=108 (full 4):
 def new generation   total 15552K, used 892K [0x0000022ad4a00000, 0x0000022ad5ad0000, 0x0000022ad9f50000)
  eden space 13888K,   0% used [0x0000022ad4a00000, 0x0000022ad4a00000, 0x0000022ad5790000)
  from space 1664K,  53% used [0x0000022ad5930000, 0x0000022ad5a0f0b0, 0x0000022ad5ad0000)
  to   space 1664K,   0% used [0x0000022ad5790000, 0x0000022ad5790000, 0x0000022ad5930000)
 tenured generation   total 34348K, used 29982K [0x0000022ad9f50000, 0x0000022adc0db000, 0x0000022ae4a00000)
   the space 34348K,  87% used [0x0000022ad9f50000, 0x0000022adbc97918, 0x0000022adbc97a00, 0x0000022adc0db000)
 Metaspace       used 30293K, capacity 31957K, committed 32000K, reserved 32768K
}
Event: 11.183 GC heap before
{Heap before GC invocations=108 (full 4):
 def new generation   total 15552K, used 14780K [0x0000022ad4a00000, 0x0000022ad5ad0000, 0x0000022ad9f50000)
  eden space 13888K, 100% used [0x0000022ad4a00000, 0x0000022ad5790000, 0x0000022ad5790000)
  from space 1664K,  53% used [0x0000022ad5930000, 0x0000022ad5a0f0b0, 0x0000022ad5ad0000)
  to   space 1664K,   0% used [0x0000022ad5790000, 0x0000022ad5790000, 0x0000022ad5930000)
 tenured generation   total 34348K, used 29982K [0x0000022ad9f50000, 0x0000022adc0db000, 0x0000022ae4a00000)
   the space 34348K,  87% used [0x0000022ad9f50000, 0x0000022adbc97918, 0x0000022adbc97a00, 0x0000022adc0db000)
 Metaspace       used 30465K, capacity 32277K, committed 32512K, reserved 32768K
}
Event: 11.185 GC heap after
{Heap after GC invocations=109 (full 4):
 def new generation   total 15552K, used 846K [0x0000022ad4a00000, 0x0000022ad5ad0000, 0x0000022ad9f50000)
  eden space 13888K,   0% used [0x0000022ad4a00000, 0x0000022ad4a00000, 0x0000022ad5790000)
  from space 1664K,  50% used [0x0000022ad5790000, 0x0000022ad58639b0, 0x0000022ad5930000)
  to   space 1664K,   0% used [0x0000022ad5930000, 0x0000022ad5930000, 0x0000022ad5ad0000)
 tenured generation   total 34348K, used 30301K [0x0000022ad9f50000, 0x0000022adc0db000, 0x0000022ae4a00000)
   the space 34348K,  88% used [0x0000022ad9f50000, 0x0000022adbce7538, 0x0000022adbce7600, 0x0000022adc0db000)
 Metaspace       used 30465K, capacity 32277K, committed 32512K, reserved 32768K
}
Event: 11.220 GC heap before
{Heap before GC invocations=109 (full 4):
 def new generation   total 15552K, used 14734K [0x0000022ad4a00000, 0x0000022ad5ad0000, 0x0000022ad9f50000)
  eden space 13888K, 100% used [0x0000022ad4a00000, 0x0000022ad5790000, 0x0000022ad5790000)
  from space 1664K,  50% used [0x0000022ad5790000, 0x0000022ad58639b0, 0x0000022ad5930000)
  to   space 1664K,   0% used [0x0000022ad5930000, 0x0000022ad5930000, 0x0000022ad5ad0000)
 tenured generation   total 34348K, used 30301K [0x0000022ad9f50000, 0x0000022adc0db000, 0x0000022ae4a00000)
   the space 34348K,  88% used [0x0000022ad9f50000, 0x0000022adbce7538, 0x0000022adbce7600, 0x0000022adc0db000)
 Metaspace       used 30618K, capacity 32481K, committed 32512K, reserved 32768K
}
Event: 11.221 GC heap after
{Heap after GC invocations=110 (full 4):
 def new generation   total 15552K, used 734K [0x0000022ad4a00000, 0x0000022ad5ad0000, 0x0000022ad9f50000)
  eden space 13888K,   0% used [0x0000022ad4a00000, 0x0000022ad4a00000, 0x0000022ad5790000)
  from space 1664K,  44% used [0x0000022ad5930000, 0x0000022ad59e7898, 0x0000022ad5ad0000)
  to   space 1664K,   0% used [0x0000022ad5790000, 0x0000022ad5790000, 0x0000022ad5930000)
 tenured generation   total 34348K, used 30643K [0x0000022ad9f50000, 0x0000022adc0db000, 0x0000022ae4a00000)
   the space 34348K,  89% used [0x0000022ad9f50000, 0x0000022adbd3ceb0, 0x0000022adbd3d000, 0x0000022adc0db000)
 Metaspace       used 30618K, capacity 32481K, committed 32512K, reserved 32768K
}
Event: 11.256 GC heap before
{Heap before GC invocations=110 (full 4):
 def new generation   total 15552K, used 14622K [0x0000022ad4a00000, 0x0000022ad5ad0000, 0x0000022ad9f50000)
  eden space 13888K, 100% used [0x0000022ad4a00000, 0x0000022ad5790000, 0x0000022ad5790000)
  from space 1664K,  44% used [0x0000022ad5930000, 0x0000022ad59e7898, 0x0000022ad5ad0000)
  to   space 1664K,   0% used [0x0000022ad5790000, 0x0000022ad5790000, 0x0000022ad5930000)
 tenured generation   total 34348K, used 30643K [0x0000022ad9f50000, 0x0000022adc0db000, 0x0000022ae4a00000)
   the space 34348K,  89% used [0x0000022ad9f50000, 0x0000022adbd3ceb0, 0x0000022adbd3d000, 0x0000022adc0db000)
 Metaspace       used 30778K, capacity 32733K, committed 32768K, reserved 32768K
}
Event: 11.257 GC heap after
{Heap after GC invocations=111 (full 4):
 def new generation   total 15552K, used 903K [0x0000022ad4a00000, 0x0000022ad5ad0000, 0x0000022ad9f50000)
  eden space 13888K,   0% used [0x0000022ad4a00000, 0x0000022ad4a00000, 0x0000022ad5790000)
  from space 1664K,  54% used [0x0000022ad5790000, 0x0000022ad5871e88, 0x0000022ad5930000)
  to   space 1664K,   0% used [0x0000022ad5930000, 0x0000022ad5930000, 0x0000022ad5ad0000)
 tenured generation   total 34348K, used 30643K [0x0000022ad9f50000, 0x0000022adc0db000, 0x0000022ae4a00000)
   the space 34348K,  89% used [0x0000022ad9f50000, 0x0000022adbd3ceb0, 0x0000022adbd3d000, 0x0000022adc0db000)
 Metaspace       used 30778K, capacity 32733K, committed 32768K, reserved 32768K
}
Event: 11.290 GC heap before
{Heap before GC invocations=111 (full 4):
 def new generation   total 15552K, used 14791K [0x0000022ad4a00000, 0x0000022ad5ad0000, 0x0000022ad9f50000)
  eden space 13888K, 100% used [0x0000022ad4a00000, 0x0000022ad5790000, 0x0000022ad5790000)
  from space 1664K,  54% used [0x0000022ad5790000, 0x0000022ad5871e88, 0x0000022ad5930000)
  to   space 1664K,   0% used [0x0000022ad5930000, 0x0000022ad5930000, 0x0000022ad5ad0000)
 tenured generation   total 34348K, used 30643K [0x0000022ad9f50000, 0x0000022adc0db000, 0x0000022ae4a00000)
   the space 34348K,  89% used [0x0000022ad9f50000, 0x0000022adbd3ceb0, 0x0000022adbd3d000, 0x0000022adc0db000)
 Metaspace       used 30904K, capacity 32945K, committed 33024K, reserved 34816K
}
Event: 11.291 GC heap after
{Heap after GC invocations=112 (full 4):
 def new generation   total 15552K, used 953K [0x0000022ad4a00000, 0x0000022ad5ad0000, 0x0000022ad9f50000)
  eden space 13888K,   0% used [0x0000022ad4a00000, 0x0000022ad4a00000, 0x0000022ad5790000)
  from space 1664K,  57% used [0x0000022ad5930000, 0x0000022ad5a1e400, 0x0000022ad5ad0000)
  to   space 1664K,   0% used [0x0000022ad5790000, 0x0000022ad5790000, 0x0000022ad5930000)
 tenured generation   total 34348K, used 30834K [0x0000022ad9f50000, 0x0000022adc0db000, 0x0000022ae4a00000)
   the space 34348K,  89% used [0x0000022ad9f50000, 0x0000022adbd6cab0, 0x0000022adbd6cc00, 0x0000022adc0db000)
 Metaspace       used 30904K, capacity 32945K, committed 33024K, reserved 34816K
}
Event: 11.334 GC heap before
{Heap before GC invocations=112 (full 4):
 def new generation   total 15552K, used 14841K [0x0000022ad4a00000, 0x0000022ad5ad0000, 0x0000022ad9f50000)
  eden space 13888K, 100% used [0x0000022ad4a00000, 0x0000022ad5790000, 0x0000022ad5790000)
  from space 1664K,  57% used [0x0000022ad5930000, 0x0000022ad5a1e400, 0x0000022ad5ad0000)
  to   space 1664K,   0% used [0x0000022ad5790000, 0x0000022ad5790000, 0x0000022ad5930000)
 tenured generation   total 34348K, used 30834K [0x0000022ad9f50000, 0x0000022adc0db000, 0x0000022ae4a00000)
   the space 34348K,  89% used [0x0000022ad9f50000, 0x0000022adbd6cab0, 0x0000022adbd6cc00, 0x0000022adc0db000)
 Metaspace       used 31079K, capacity 33225K, committed 33280K, reserved 34816K
}
Event: 11.335 GC heap after
{Heap after GC invocations=113 (full 4):
 def new generation   total 15552K, used 835K [0x0000022ad4a00000, 0x0000022ad5ad0000, 0x0000022ad9f50000)
  eden space 13888K,   0% used [0x0000022ad4a00000, 0x0000022ad4a00000, 0x0000022ad5790000)
  from space 1664K,  50% used [0x0000022ad5790000, 0x0000022ad5860fc8, 0x0000022ad5930000)
  to   space 1664K,   0% used [0x0000022ad5930000, 0x0000022ad5930000, 0x0000022ad5ad0000)
 tenured generation   total 34348K, used 31074K [0x0000022ad9f50000, 0x0000022adc0db000, 0x0000022ae4a00000)
   the space 34348K,  90% used [0x0000022ad9f50000, 0x0000022adbda8ae0, 0x0000022adbda8c00, 0x0000022adc0db000)
 Metaspace       used 31079K, capacity 33225K, committed 33280K, reserved 34816K
}
Event: 11.382 GC heap before
{Heap before GC invocations=113 (full 4):
 def new generation   total 15552K, used 14723K [0x0000022ad4a00000, 0x0000022ad5ad0000, 0x0000022ad9f50000)
  eden space 13888K, 100% used [0x0000022ad4a00000, 0x0000022ad5790000, 0x0000022ad5790000)
  from space 1664K,  50% used [0x0000022ad5790000, 0x0000022ad5860fc8, 0x0000022ad5930000)
  to   space 1664K,   0% used [0x0000022ad5930000, 0x0000022ad5930000, 0x0000022ad5ad0000)
 tenured generation   total 34348K, used 31074K [0x0000022ad9f50000, 0x0000022adc0db000, 0x0000022ae4a00000)
   the space 34348K,  90% used [0x0000022ad9f50000, 0x0000022adbda8ae0, 0x0000022adbda8c00, 0x0000022adc0db000)
 Metaspace       used 31275K, capacity 33386K, committed 33536K, reserved 34816K
}
Event: 11.384 GC heap after
{Heap after GC invocations=114 (full 4):
 def new generation   total 15552K, used 733K [0x0000022ad4a00000, 0x0000022ad5ad0000, 0x0000022ad9f50000)
  eden space 13888K,   0% used [0x0000022ad4a00000, 0x0000022ad4a00000, 0x0000022ad5790000)
  from space 1664K,  44% used [0x0000022ad5930000, 0x0000022ad59e7470, 0x0000022ad5ad0000)
  to   space 1664K,   0% used [0x0000022ad5790000, 0x0000022ad5790000, 0x0000022ad5930000)
 tenured generation   total 34348K, used 31291K [0x0000022ad9f50000, 0x0000022adc0db000, 0x0000022ae4a00000)
   the space 34348K,  91% used [0x0000022ad9f50000, 0x0000022adbddeed8, 0x0000022adbddf000, 0x0000022adc0db000)
 Metaspace       used 31275K, capacity 33386K, committed 33536K, reserved 34816K
}
Event: 11.539 GC heap before
{Heap before GC invocations=114 (full 4):
 def new generation   total 15552K, used 14621K [0x0000022ad4a00000, 0x0000022ad5ad0000, 0x0000022ad9f50000)
  eden space 13888K, 100% used [0x0000022ad4a00000, 0x0000022ad5790000, 0x0000022ad5790000)
  from space 1664K,  44% used [0x0000022ad5930000, 0x0000022ad59e7470, 0x0000022ad5ad0000)
  to   space 1664K,   0% used [0x0000022ad5790000, 0x0000022ad5790000, 0x0000022ad5930000)
 tenured generation   total 34348K, used 31291K [0x0000022ad9f50000, 0x0000022adc0db000, 0x0000022ae4a00000)
   the space 34348K,  91% used [0x0000022ad9f50000, 0x0000022adbddeed8, 0x0000022adbddf000, 0x0000022adc0db000)
 Metaspace       used 31395K, capacity 33466K, committed 33536K, reserved 34816K
}
Event: 11.540 GC heap after
{Heap after GC invocations=115 (full 4):
 def new generation   total 15552K, used 800K [0x0000022ad4a00000, 0x0000022ad5ad0000, 0x0000022ad9f50000)
  eden space 13888K,   0% used [0x0000022ad4a00000, 0x0000022ad4a00000, 0x0000022ad5790000)
  from space 1664K,  48% used [0x0000022ad5790000, 0x0000022ad58582a8, 0x0000022ad5930000)
  to   space 1664K,   0% used [0x0000022ad5930000, 0x0000022ad5930000, 0x0000022ad5ad0000)
 tenured generation   total 34348K, used 31291K [0x0000022ad9f50000, 0x0000022adc0db000, 0x0000022ae4a00000)
   the space 34348K,  91% used [0x0000022ad9f50000, 0x0000022adbddeed8, 0x0000022adbddf000, 0x0000022adc0db000)
 Metaspace       used 31395K, capacity 33466K, committed 33536K, reserved 34816K
}
Event: 11.580 GC heap before
{Heap before GC invocations=115 (full 4):
 def new generation   total 15552K, used 14688K [0x0000022ad4a00000, 0x0000022ad5ad0000, 0x0000022ad9f50000)
  eden space 13888K, 100% used [0x0000022ad4a00000, 0x0000022ad5790000, 0x0000022ad5790000)
  from space 1664K,  48% used [0x0000022ad5790000, 0x0000022ad58582a8, 0x0000022ad5930000)
  to   space 1664K,   0% used [0x0000022ad5930000, 0x0000022ad5930000, 0x0000022ad5ad0000)
 tenured generation   total 34348K, used 31291K [0x0000022ad9f50000, 0x0000022adc0db000, 0x0000022ae4a00000)
   the space 34348K,  91% used [0x0000022ad9f50000, 0x0000022adbddeed8, 0x0000022adbddf000, 0x0000022adc0db000)
 Metaspace       used 31878K, capacity 33982K, committed 34048K, reserved 34816K
}
Event: 11.583 GC heap after
{Heap after GC invocations=116 (full 4):
 def new generation   total 15552K, used 1663K [0x0000022ad4a00000, 0x0000022ad5ad0000, 0x0000022ad9f50000)
  eden space 13888K,   0% used [0x0000022ad4a00000, 0x0000022ad4a00000, 0x0000022ad5790000)
  from space 1664K,  99% used [0x0000022ad5930000, 0x0000022ad5acfff8, 0x0000022ad5ad0000)
  to   space 1664K,   0% used [0x0000022ad5790000, 0x0000022ad5790000, 0x0000022ad5930000)
 tenured generation   total 34348K, used 31649K [0x0000022ad9f50000, 0x0000022adc0db000, 0x0000022ae4a00000)
   the space 34348K,  92% used [0x0000022ad9f50000, 0x0000022adbe38438, 0x0000022adbe38600, 0x0000022adc0db000)
 Metaspace       used 31878K, capacity 33982K, committed 34048K, reserved 34816K
}

Deoptimization events (6 events):
Event: 1.003 Thread 0x0000022ac8a23000 DEOPT PACKING pc=0x0000022ad2b40ba2 sp=0x00000081b13f87f0
Event: 1.003 Thread 0x0000022ac8a23000 DEOPT UNPACKING pc=0x0000022ad299648e sp=0x00000081b13f7d80 mode 3
Event: 1.099 Thread 0x0000022ac8a23000 DEOPT PACKING pc=0x0000022ad2c3875b sp=0x00000081b13f8fc0
Event: 1.099 Thread 0x0000022ac8a23000 DEOPT UNPACKING pc=0x0000022ad299648e sp=0x00000081b13f84a8 mode 3
Event: 10.939 Thread 0x0000022ac8a23000 DEOPT PACKING pc=0x0000022ad2ef093e sp=0x00000081b13e54b0
Event: 10.939 Thread 0x0000022ac8a23000 DEOPT UNPACKING pc=0x0000022ad299648e sp=0x00000081b13e4948 mode 3

Classes redefined (0 events):
No events

Internal exceptions (20 events):
Event: 2.585 Thread 0x0000022ac8a23000 Exception <a 'java/lang/ClassNotFoundException'{0x0000022ad4a7ec88}: java/lang/ObjectCustomizer> (0x0000022ad4a7ec88) thrown at [./src/hotspot/share/classfile/systemDictionary.cpp, line 230]
Event: 2.592 Thread 0x0000022ac8a23000 Exception <a 'java/lang/ClassNotFoundException'{0x0000022ad4ac7d58}: org/eclipse/aether/graph/DependencyCustomizer> (0x0000022ad4ac7d58) thrown at [./src/hotspot/share/classfile/systemDictionary.cpp, line 230]
Event: 2.594 Thread 0x0000022ac8a23000 Exception <a 'java/lang/ClassNotFoundException'{0x0000022ad4af9380}: org/eclipse/aether/artifact/DefaultArtifactBeanInfo> (0x0000022ad4af9380) thrown at [./src/hotspot/share/classfile/systemDictionary.cpp, line 230]
Event: 2.594 Thread 0x0000022ac8a23000 Exception <a 'java/lang/ClassNotFoundException'{0x0000022ad4afc9c8}: org/eclipse/aether/artifact/AbstractArtifactBeanInfo> (0x0000022ad4afc9c8) thrown at [./src/hotspot/share/classfile/systemDictionary.cpp, line 230]
Event: 2.594 Thread 0x0000022ac8a23000 Exception <a 'java/lang/ClassNotFoundException'{0x0000022ad4afffc8}: org/eclipse/aether/artifact/AbstractArtifactCustomizer> (0x0000022ad4afffc8) thrown at [./src/hotspot/share/classfile/systemDictionary.cpp, line 230]
Event: 2.595 Thread 0x0000022ac8a23000 Exception <a 'java/lang/ClassNotFoundException'{0x0000022ad4b0cb80}: org/eclipse/aether/artifact/DefaultArtifactCustomizer> (0x0000022ad4b0cb80) thrown at [./src/hotspot/share/classfile/systemDictionary.cpp, line 230]
Event: 2.597 Thread 0x0000022ac8a23000 Exception <a 'java/lang/ClassNotFoundException'{0x0000022ad4b967c0}: org/eclipse/aether/graph/ExclusionBeanInfo> (0x0000022ad4b967c0) thrown at [./src/hotspot/share/classfile/systemDictionary.cpp, line 230]
Event: 2.597 Thread 0x0000022ac8a23000 Exception <a 'java/lang/ClassNotFoundException'{0x0000022ad4b9a448}: org/eclipse/aether/graph/ExclusionCustomizer> (0x0000022ad4b9a448) thrown at [./src/hotspot/share/classfile/systemDictionary.cpp, line 230]
Event: 2.859 Thread 0x0000022ae7bce000 Exception <a 'java/lang/NoSuchMethodError'{0x0000022ad51f4da0}: 'void java.lang.invoke.DirectMethodHandle$Holder.invokeStatic(java.lang.Object, long)'> (0x0000022ad51f4da0) thrown at [./src/hotspot/share/interpreter/linkResolver.cpp, line 773]
Event: 2.859 Thread 0x0000022ae7bce000 Exception <a 'java/lang/NoSuchMethodError'{0x0000022ad51fbdf8}: 'java.lang.Object java.lang.invoke.DirectMethodHandle$Holder.invokeStatic(java.lang.Object, long)'> (0x0000022ad51fbdf8) thrown at [./src/hotspot/share/interpreter/linkResolver.cpp, line 773]
Event: 2.860 Thread 0x0000022ae7bce000 Exception <a 'java/lang/NoSuchMethodError'{0x0000022ad5200830}: 'java.lang.Object java.lang.invoke.DirectMethodHandle$Holder.invokeSpecial(java.lang.Object, java.lang.Object, long)'> (0x0000022ad5200830) thrown at [./src/hotspot/share/interpreter/linkResolver.cpp, line 773]
Event: 2.860 Thread 0x0000022ae7bce000 Exception <a 'java/lang/NoSuchMethodError'{0x0000022ad5204780}: 'java.lang.Object java.lang.invoke.Invokers$Holder.linkToTargetMethod(long, java.lang.Object)'> (0x0000022ad5204780) thrown at [./src/hotspot/share/interpreter/linkResolver.cpp, line 773]
Event: 2.861 Thread 0x0000022ae7bce000 Exception <a 'java/lang/NoSuchMethodError'{0x0000022ad5210568}: 'java.lang.Object java.lang.invoke.DirectMethodHandle$Holder.invokeStaticInit(java.lang.Object, java.lang.Object, long, java.lang.Object)'> (0x0000022ad5210568) thrown at [./src/hotspot/share/interpreter/linkResolver.cpp, line 773]
Event: 2.861 Thread 0x0000022ae7bce000 Exception <a 'java/lang/NoSuchMethodError'{0x0000022ad5218290}: 'java.lang.Object java.lang.invoke.DirectMethodHandle$Holder.invokeStatic(java.lang.Object, java.lang.Object, long)'> (0x0000022ad5218290) thrown at [./src/hotspot/share/interpreter/linkResolver.cpp, line 773]
Event: 2.861 Thread 0x0000022ae7bce000 Exception <a 'java/lang/NoSuchMethodError'{0x0000022ad52206a8}: 'java.lang.Object java.lang.invoke.Invokers$Holder.linkToTargetMethod(java.lang.Object, long, java.lang.Object)'> (0x0000022ad52206a8) thrown at [./src/hotspot/share/interpreter/linkResolver.cpp, line 773]
Event: 2.891 Thread 0x0000022ae7bce000 Exception <a 'java/lang/ClassNotFoundException'{0x0000022ad530e390}: sun/net/www/protocol/c/Handler> (0x0000022ad530e390) thrown at [./src/hotspot/share/classfile/systemDictionary.cpp, line 230]
Event: 11.531 Thread 0x0000022ac8a23000 Exception <a 'java/io/FileNotFoundException'{0x0000022ad55e6ff0}> (0x0000022ad55e6ff0) thrown at [./src/hotspot/share/prims/jni.cpp, line 617]
Event: 11.577 Thread 0x0000022ac8a23000 Exception <a 'java/io/FileNotFoundException'{0x0000022ad55abb48}> (0x0000022ad55abb48) thrown at [./src/hotspot/share/prims/jni.cpp, line 617]
Event: 11.578 Thread 0x0000022ac8a23000 Exception <a 'java/io/FileNotFoundException'{0x0000022ad55dbe48}> (0x0000022ad55dbe48) thrown at [./src/hotspot/share/prims/jni.cpp, line 617]
Event: 11.585 Thread 0x0000022ac8a23000 Exception <a 'java/lang/NoSuchFieldError'{0x0000022ad4a4c738}: MOUSE_EVENT> (0x0000022ad4a4c738) thrown at [./src/hotspot/share/prims/jni.cpp, line 2276]

Events (20 events):
Event: 11.580 Executing VM operation: GenCollectForAllocation
Event: 11.583 Executing VM operation: GenCollectForAllocation done
Event: 11.584 loading class net/cgrand/parsley/stack$fn__4684
Event: 11.584 loading class net/cgrand/parsley/stack$fn__4684 done
Event: 11.584 loading class jline/console/WCWidth$Interval
Event: 11.584 loading class jline/console/WCWidth$Interval done
Event: 11.584 loading class net/cgrand/parsley/stack$fn__4692
Event: 11.584 loading class net/cgrand/parsley/stack$fn__4692 done
Event: 11.585 loading class net/cgrand/parsley/stack$fn__4695
Event: 11.585 loading class net/cgrand/parsley/stack$fn__4695 done
Event: 11.585 loading class org/fusesource/jansi/internal/Kernel32$INPUT_RECORD
Event: 11.585 loading class org/fusesource/jansi/internal/Kernel32$INPUT_RECORD done
Event: 11.585 loading class net/cgrand/parsley/stack$fn__4708
Event: 11.585 loading class net/cgrand/parsley/stack$fn__4708 done
Event: 11.585 loading class net/cgrand/parsley/stack$fn__4721
Event: 11.585 loading class net/cgrand/parsley/stack$fn__4721 done
Event: 11.585 loading class net/cgrand/parsley/stack$fn__4695$G__4689__4698
Event: 11.585 loading class net/cgrand/parsley/stack$fn__4695$G__4689__4698 done
Event: 11.585 loading class net/cgrand/parsley/stack$fn__4695$G__4688__4702
Event: 11.585 loading class net/cgrand/parsley/stack$fn__4695$G__4688__4702 done


Dynamic libraries:
0x00007ff6cc420000 - 0x00007ff6cc42d000 	C:\Program Files\BellSoft\LibericaJDK-11\bin\java.exe
0x00007fffc5380000 - 0x00007fffc5589000 	C:\WINDOWS\SYSTEM32\ntdll.dll
0x00007fffc3830000 - 0x00007fffc38ed000 	C:\WINDOWS\System32\KERNEL32.DLL
0x00007fffc2c70000 - 0x00007fffc2feb000 	C:\WINDOWS\System32\KERNELBASE.dll
0x00007fffc2960000 - 0x00007fffc2a71000 	C:\WINDOWS\System32\ucrtbase.dll
0x00007fff9f6c0000 - 0x00007fff9f6d7000 	C:\Program Files\BellSoft\LibericaJDK-11\bin\jli.dll
0x00007fff9f780000 - 0x00007fff9f795000 	C:\Program Files\BellSoft\LibericaJDK-11\bin\VCRUNTIME140.dll
0x00007fffc3610000 - 0x00007fffc37bd000 	C:\WINDOWS\System32\USER32.dll
0x00007fffc2ff0000 - 0x00007fffc3016000 	C:\WINDOWS\System32\win32u.dll
0x00007fffb67a0000 - 0x00007fffb6a45000 	C:\WINDOWS\WinSxS\amd64_microsoft.windows.common-controls_6595b64144ccf1df_6.0.22000.120_none_9d947278b86cc467\COMCTL32.dll
0x00007fffc3490000 - 0x00007fffc34b9000 	C:\WINDOWS\System32\GDI32.dll
0x00007fffc3020000 - 0x00007fffc3138000 	C:\WINDOWS\System32\gdi32full.dll
0x00007fffc2850000 - 0x00007fffc28ed000 	C:\WINDOWS\System32\msvcp_win.dll
0x00007fffc3200000 - 0x00007fffc32a3000 	C:\WINDOWS\System32\msvcrt.dll
0x00007fffc3430000 - 0x00007fffc3462000 	C:\WINDOWS\System32\IMM32.DLL
0x00007fff69680000 - 0x00007fff6971b000 	C:\Program Files\BellSoft\LibericaJDK-11\bin\msvcp140.dll
0x00007ffee0170000 - 0x00007ffee084c000 	C:\Program Files\BellSoft\LibericaJDK-11\bin\client\jvm.dll
0x00007fffc3320000 - 0x00007fffc33ce000 	C:\WINDOWS\System32\ADVAPI32.dll
0x00007fffc38f0000 - 0x00007fffc398e000 	C:\WINDOWS\System32\sechost.dll
0x00007fffc5060000 - 0x00007fffc5180000 	C:\WINDOWS\System32\RPCRT4.dll
0x00007fffc4510000 - 0x00007fffc4518000 	C:\WINDOWS\System32\PSAPI.DLL
0x00007fffbdfb0000 - 0x00007fffbdfe3000 	C:\WINDOWS\SYSTEM32\WINMM.dll
0x00007fffbd910000 - 0x00007fffbd91a000 	C:\WINDOWS\SYSTEM32\VERSION.dll
0x00007fffae190000 - 0x00007fffae199000 	C:\WINDOWS\SYSTEM32\WSOCK32.dll
0x00007fffc32b0000 - 0x00007fffc331f000 	C:\WINDOWS\System32\ws2_32.DLL
0x00007fffc19c0000 - 0x00007fffc19d8000 	C:\WINDOWS\SYSTEM32\kernel.appcore.dll
0x00007fffb3330000 - 0x00007fffb3340000 	C:\Program Files\BellSoft\LibericaJDK-11\bin\verify.dll
0x00007fffc0280000 - 0x00007fffc04a1000 	C:\WINDOWS\SYSTEM32\DBGHELP.DLL
0x00007fffb09f0000 - 0x00007fffb0a21000 	C:\WINDOWS\SYSTEM32\dbgcore.DLL
0x00007fffc2bf0000 - 0x00007fffc2c6f000 	C:\WINDOWS\System32\bcryptPrimitives.dll
0x00007fff9eb20000 - 0x00007fff9eb48000 	C:\Program Files\BellSoft\LibericaJDK-11\bin\java.dll
0x00007fffae640000 - 0x00007fffae64a000 	C:\Program Files\BellSoft\LibericaJDK-11\bin\jimage.dll
0x00007fff97160000 - 0x00007fff97178000 	C:\Program Files\BellSoft\LibericaJDK-11\bin\zip.dll
0x00007fffc47b0000 - 0x00007fffc4f68000 	C:\WINDOWS\System32\SHELL32.dll
0x00007fffc0a60000 - 0x00007fffc12c5000 	C:\WINDOWS\SYSTEM32\windows.storage.dll
0x00007fffc4170000 - 0x00007fffc44e8000 	C:\WINDOWS\System32\combase.dll
0x00007fffc08f0000 - 0x00007fffc0a56000 	C:\WINDOWS\SYSTEM32\wintypes.dll
0x00007fffc34c0000 - 0x00007fffc35aa000 	C:\WINDOWS\System32\SHCORE.dll
0x00007fffc35b0000 - 0x00007fffc360d000 	C:\WINDOWS\System32\shlwapi.dll
0x00007fffc2780000 - 0x00007fffc27a1000 	C:\WINDOWS\SYSTEM32\profapi.dll
0x00007fff97140000 - 0x00007fff97159000 	C:\Program Files\BellSoft\LibericaJDK-11\bin\net.dll
0x00007fffbeb10000 - 0x00007fffbec24000 	C:\WINDOWS\SYSTEM32\WINHTTP.dll
0x00007fffc1e60000 - 0x00007fffc1ec7000 	C:\WINDOWS\system32\mswsock.dll
0x00007fff97120000 - 0x00007fff97133000 	C:\Program Files\BellSoft\LibericaJDK-11\bin\nio.dll
0x00007fffc20a0000 - 0x00007fffc20b8000 	C:\WINDOWS\SYSTEM32\CRYPTSP.dll
0x00007fffc1920000 - 0x00007fffc1955000 	C:\WINDOWS\system32\rsaenh.dll
0x00007fffc1f50000 - 0x00007fffc1f79000 	C:\WINDOWS\SYSTEM32\USERENV.dll
0x00007fffc2230000 - 0x00007fffc2257000 	C:\WINDOWS\SYSTEM32\bcrypt.dll
0x00007fffc20c0000 - 0x00007fffc20cc000 	C:\WINDOWS\SYSTEM32\CRYPTBASE.dll
0x00007fffc14f0000 - 0x00007fffc151d000 	C:\WINDOWS\SYSTEM32\IPHLPAPI.DLL
0x00007fffc4640000 - 0x00007fffc4649000 	C:\WINDOWS\System32\NSI.dll
0x00007fffbea20000 - 0x00007fffbea39000 	C:\WINDOWS\SYSTEM32\dhcpcsvc6.DLL
0x00007fffbed40000 - 0x00007fffbed5e000 	C:\WINDOWS\SYSTEM32\dhcpcsvc.DLL
0x00007fffc1520000 - 0x00007fffc1608000 	C:\WINDOWS\SYSTEM32\DNSAPI.dll
0x00007fffbdfa0000 - 0x00007fffbdfaa000 	C:\Windows\System32\rasadhlp.dll
0x00007fffbe920000 - 0x00007fffbe9a1000 	C:\WINDOWS\System32\fwpuclnt.dll
0x00007fff9eb10000 - 0x00007fff9eb1a000 	C:\apache-maven-3.8.2\bin\jansi.dll

dbghelp: loaded successfully - version: 4.0.5 - missing functions: none
symbol engine: initialized successfully - sym options: 0x614 - pdb path: .;C:\Program Files\BellSoft\LibericaJDK-11\bin;C:\WINDOWS\SYSTEM32;C:\WINDOWS\WinSxS\amd64_microsoft.windows.common-controls_6595b64144ccf1df_6.0.22000.120_none_9d947278b86cc467;C:\Program Files\BellSoft\LibericaJDK-11\bin\client;C:\apache-maven-3.8.2\bin

VM Arguments:
jvm_args: -Dfile.encoding=UTF-8 -Dclojure.compile.path=C:\Users\rsclison\Documents\DEVT\hyauth/target/classes -Dleiningen.original.pwd=C:\Users\rsclison\Documents\DEVT\hyauth 
java_command: clojure.main -m leiningen.core.main repl
java_class_path (initial): C:\Users\rsclison\.lein\self-installs\leiningen-2.9.7-standalone.jar
Launcher Type: SUN_STANDARD

[Global flags]
   size_t InitialHeapSize                          = 16777216                                  {product} {ergonomic}
   size_t MaxHeapSize                              = 268435456                                 {product} {ergonomic}
   size_t MaxNewSize                               = 89456640                                  {product} {ergonomic}
   size_t MinHeapDeltaBytes                        = 196608                                    {product} {ergonomic}
   size_t NewSize                                  = 5570560                                   {product} {ergonomic}
    uintx NonProfiledCodeHeapSize                  = 0                                      {pd product} {ergonomic}
   size_t OldSize                                  = 11206656                                  {product} {ergonomic}
    uintx ProfiledCodeHeapSize                     = 0                                      {pd product} {ergonomic}
     bool UseLargePagesIndividualAllocation        = false                                  {pd product} {ergonomic}
     bool UseSerialGC                              = true                                      {product} {ergonomic}

Logging:
Log output configuration:
 #0: stdout all=warning uptime,level,tags
 #1: stderr all=off uptime,level,tags

Environment Variables:
JAVA_HOME=C:\Program Files\Eclipse Adoptium\jdk-11.0.16.8-hotspot\
CLASSPATH=C:\Users\rsclison\.lein\self-installs\leiningen-2.9.7-standalone.jar
PATH=C:\Program Files\PowerShell\7;C:\Program Files\BellSoft\LibericaJDK-11\bin\;C:\Program Files\Eclipse Adoptium\jdk-11.0.16.8-hotspot\bin;C:\WINDOWS\system32;C:\WINDOWS;C:\WINDOWS\System32\Wbem;C:\WINDOWS\System32\WindowsPowerShell\v1.0\;C:\WINDOWS\System32\OpenSSH\;C:\Program Files\Git\cmd;C:\Program Files\PuTTY\;C:\Users\rsclison\Documents;C:\Program Files (x86)\AOMEI\AOMEI Backupper\6.8.0;C:\Program Files (x86)\GTK2-Runtime\bin;C:\Program Files\dotnet\;C:\apache-maven-3.8.2\bin;C:\Program Files\PowerShell\7\;C:\Users\rsclison\AppData\Local\Microsoft\WindowsApps;C:\Users\rsclison\AppData\Local\Programs\Microsoft VS Code\bin;C:\Users\rsclison\Documents\DEVT;C:\Program Files (x86)\Nmap;C:\clj;
USERNAME=rsclison
LANG=fr_FR.UTF-8
OS=Windows_NT
PROCESSOR_IDENTIFIER=Intel64 Family 6 Model 140 Stepping 1, GenuineIntel
TMP=C:\Users\rsclison\AppData\Local\Temp
TEMP=C:\Users\rsclison\AppData\Local\Temp



---------------  S Y S T E M  ---------------

OS: Windows 11 , 64 bit Build 22000 (10.0.22000.708)
OS uptime: 1 days 19:05 hours

CPU:total 8 (initial active 8) (4 cores per cpu, 2 threads per core) family 6 model 140 stepping 1 microcode 0xa4, cmov, cx8, fxsr, mmx, sse, sse2, sse3, ssse3, sse4.1, sse4.2, popcnt, avx, avx2, aes, clmul, erms, 3dnowpref, lzcnt, ht, tsc, tscinvbit, bmi1, bmi2, adx, evex, sha, fma

Memory: 4k page, system-wide physical 32494M (15091M free)
TotalPageFile size 37358M (AvailPageFile size 12374M)
current process WorkingSet (physical memory assigned to process): 120M, peak: 120M
current process commit charge ("private bytes"): 118M, peak: 118M

vm_info: OpenJDK 64-Bit Client VM (11.0.16+8-LTS) for windows-amd64 JRE (11.0.16+8-LTS), built on Jul 15 2022 19:45:05 by "" with MS VC++ 15.9 (VS2017)

END.
